2018-03-22 18:05:02 Error: [Cake\Database\Exception] SQLSTATE[42S02]: Base table or view not found: 1146 Table 'barracuda.establecimientos_tipos' doesn't exist in C:\wamp64\www\generaps\Vendor\cakephp\cakephp\src\Database\Schema\Collection.php on line 131
Stack Trace:
#0 C:\wamp64\www\generaps\Vendor\cakephp\cakephp\src\Database\Schema\Collection.php(97): Cake\Database\Schema\Collection->_reflect('Column', 'establecimiento...', Array, Object(Cake\Database\Schema\TableSchema))
#1 C:\wamp64\www\generaps\Vendor\cakephp\cakephp\src\Database\Schema\CachedCollection.php(63): Cake\Database\Schema\Collection->describe('establecimiento...', Array)
#2 C:\wamp64\www\generaps\Vendor\cakephp\cakephp\src\ORM\Table.php(532): Cake\Database\Schema\CachedCollection->describe('establecimiento...')
#3 C:\wamp64\www\generaps\Vendor\cakephp\cakephp\src\ORM\Table.php(653): Cake\ORM\Table->getSchema()
#4 C:\wamp64\www\generaps\Vendor\cakephp\bake\src\Shell\Task\ModelTask.php(220): Cake\ORM\Table->getPrimaryKey()
#5 C:\wamp64\www\generaps\Vendor\cakephp\bake\src\Shell\Task\ModelTask.php(130): Bake\Shell\Task\ModelTask->getAssociations(Object(Cake\ORM\Table))
#6 C:\wamp64\www\generaps\Vendor\cakephp\bake\src\Shell\Task\ModelTask.php(113): Bake\Shell\Task\ModelTask->getTableContext(Object(Cake\ORM\Table), 'establecimiento...', 'Establecimiento...')
#7 C:\wamp64\www\generaps\Vendor\cakephp\bake\src\Shell\Task\ModelTask.php(100): Bake\Shell\Task\ModelTask->bake('Establecimiento...')
#8 C:\wamp64\www\generaps\Vendor\cakephp\bake\src\Shell\BakeShell.php(272): Bake\Shell\Task\ModelTask->main('Establecimiento...')
#9 C:\wamp64\www\generaps\Vendor\cakephp\cakephp\src\Collection\CollectionTrait.php(51): Bake\Shell\BakeShell->Bake\Shell\{closure}('Establecimiento...', 0)
#10 C:\wamp64\www\generaps\Vendor\cakephp\bake\src\Shell\BakeShell.php(273): Cake\Collection\Collection->each(Object(Closure))
#11 C:\wamp64\www\generaps\Vendor\cakephp\cakephp\src\Console\Shell.php(493): Bake\Shell\BakeShell->all('establecimiento...')
#12 C:\wamp64\www\generaps\Vendor\cakephp\cakephp\src\Console\CommandRunner.php(141): Cake\Console\Shell->runCommand(Array, true)
#13 C:\wamp64\www\generaps\bin\cake.php(12): Cake\Console\CommandRunner->run(Array)
#14 {main}


2018-03-22 18:05:14 Error: [Cake\Database\Exception] SQLSTATE[42S02]: Base table or view not found: 1146 Table 'barracuda.establecimientos_tipos' doesn't exist in C:\wamp64\www\generaps\Vendor\cakephp\cakephp\src\Database\Schema\Collection.php on line 131
Stack Trace:
#0 C:\wamp64\www\generaps\Vendor\cakephp\cakephp\src\Database\Schema\Collection.php(97): Cake\Database\Schema\Collection->_reflect('Column', 'establecimiento...', Array, Object(Cake\Database\Schema\TableSchema))
#1 C:\wamp64\www\generaps\Vendor\cakephp\cakephp\src\Database\Schema\CachedCollection.php(63): Cake\Database\Schema\Collection->describe('establecimiento...', Array)
#2 C:\wamp64\www\generaps\Vendor\cakephp\cakephp\src\ORM\Table.php(532): Cake\Database\Schema\CachedCollection->describe('establecimiento...')
#3 C:\wamp64\www\generaps\Vendor\cakephp\cakephp\src\ORM\Table.php(653): Cake\ORM\Table->getSchema()
#4 C:\wamp64\www\generaps\Vendor\cakephp\bake\src\Shell\Task\ModelTask.php(220): Cake\ORM\Table->getPrimaryKey()
#5 C:\wamp64\www\generaps\Vendor\cakephp\bake\src\Shell\Task\ModelTask.php(130): Bake\Shell\Task\ModelTask->getAssociations(Object(Cake\ORM\Table))
#6 C:\wamp64\www\generaps\Vendor\cakephp\bake\src\Shell\Task\ModelTask.php(113): Bake\Shell\Task\ModelTask->getTableContext(Object(Cake\ORM\Table), 'establecimiento...', 'Establecimiento...')
#7 C:\wamp64\www\generaps\Vendor\cakephp\bake\src\Shell\Task\ModelTask.php(100): Bake\Shell\Task\ModelTask->bake('Establecimiento...')
#8 C:\wamp64\www\generaps\Vendor\cakephp\bake\src\Shell\BakeShell.php(272): Bake\Shell\Task\ModelTask->main('Establecimiento...')
#9 C:\wamp64\www\generaps\Vendor\cakephp\cakephp\src\Collection\CollectionTrait.php(51): Bake\Shell\BakeShell->Bake\Shell\{closure}('Establecimiento...', 0)
#10 C:\wamp64\www\generaps\Vendor\cakephp\bake\src\Shell\BakeShell.php(273): Cake\Collection\Collection->each(Object(Closure))
#11 C:\wamp64\www\generaps\Vendor\cakephp\cakephp\src\Console\Shell.php(493): Bake\Shell\BakeShell->all('establecimiento...')
#12 C:\wamp64\www\generaps\Vendor\cakephp\cakephp\src\Console\CommandRunner.php(141): Cake\Console\Shell->runCommand(Array, true)
#13 C:\wamp64\www\generaps\bin\cake.php(12): Cake\Console\CommandRunner->run(Array)
#14 {main}


2018-03-22 18:06:25 Error: [RuntimeException] Acl\Model\Table\PermissionsTable association "Aros" of type "manyToOne" to "App\Model\Table\ArosTable" doesn't match the expected class "Acl\Model\Table\ArosTable". You can't have an association of the same name with a different target "className" option anywhere in your app. in C:\wamp64\www\generaps\Vendor\cakephp\cakephp\src\ORM\Association.php on line 423
Stack Trace:
#0 C:\wamp64\www\generaps\Vendor\cakephp\cakephp\src\ORM\Association.php(452): Cake\ORM\Association->getTarget()
#1 C:\wamp64\www\generaps\Vendor\cakephp\acl\src\Model\Table\PermissionsTable.php(45): Cake\ORM\Association->target()
#2 C:\wamp64\www\generaps\Vendor\cakephp\cakephp\src\ORM\Table.php(291): Acl\Model\Table\PermissionsTable->initialize(Array)
#3 C:\wamp64\www\generaps\Vendor\cakephp\cakephp\src\ORM\Locator\TableLocator.php(249): Cake\ORM\Table->__construct(Array)
#4 C:\wamp64\www\generaps\Vendor\cakephp\cakephp\src\ORM\Locator\TableLocator.php(216): Cake\ORM\Locator\TableLocator->_create(Array)
#5 C:\wamp64\www\generaps\Vendor\cakephp\cakephp\src\ORM\TableRegistry.php(132): Cake\ORM\Locator\TableLocator->get('Permissions', Array)
#6 C:\wamp64\www\generaps\Vendor\cakephp\acl\src\Adapter\DbAcl.php(52): Cake\ORM\TableRegistry::get('Permissions', Array)
#7 C:\wamp64\www\generaps\Vendor\cakephp\acl\src\Controller\Component\AclComponent.php(95): Acl\Adapter\DbAcl->__construct()
#8 C:\wamp64\www\generaps\Vendor\cakephp\acl\src\Controller\Component\AclComponent.php(76): Acl\Controller\Component\AclComponent->adapter('Acl\\Adapter\\DbA...')
#9 C:\wamp64\www\generaps\Vendor\cakephp\cakephp\src\Controller\ComponentRegistry.php(119): Acl\Controller\Component\AclComponent->__construct(Object(Cake\Controller\ComponentRegistry), Array)
#10 C:\wamp64\www\generaps\Vendor\cakephp\cakephp\src\Core\ObjectRegistry.php(96): Cake\Controller\ComponentRegistry->_create('Acl\\Controller\\...', 'Acl', Array)
#11 C:\wamp64\www\generaps\Vendor\cakephp\cakephp\src\Controller\Controller.php(324): Cake\Core\ObjectRegistry->load('Acl.Acl', Array)
#12 C:\wamp64\www\generaps\Vendor\cakephp\cakephp\src\Controller\Controller.php(486): Cake\Controller\Controller->loadComponent('Acl', Array)
#13 C:\wamp64\www\generaps\Vendor\cakephp\cakephp\src\Controller\Controller.php(266): Cake\Controller\Controller->_loadComponents()
#14 C:\wamp64\www\generaps\Vendor\cakephp\bake\src\Shell\Task\TestTask.php(325): Cake\Controller\Controller->__construct(Object(Cake\Http\ServerRequest), Object(Cake\Http\Response))
#15 C:\wamp64\www\generaps\Vendor\cakephp\bake\src\Shell\Task\TestTask.php(230): Bake\Shell\Task\TestTask->buildTestSubject('Controller', 'App\\Controller\\...')
#16 C:\wamp64\www\generaps\Vendor\cakephp\bake\src\Shell\Task\ControllerTask.php(214): Bake\Shell\Task\TestTask->bake('Controller', 'TecnicaResponsa...')
#17 C:\wamp64\www\generaps\Vendor\cakephp\bake\src\Shell\Task\ControllerTask.php(163): Bake\Shell\Task\ControllerTask->bakeTest('TecnicaResponsa...')
#18 C:\wamp64\www\generaps\Vendor\cakephp\bake\src\Shell\Task\ControllerTask.php(69): Bake\Shell\Task\ControllerTask->bake('TecnicaResponsa...')
#19 C:\wamp64\www\generaps\Vendor\cakephp\bake\src\Shell\BakeShell.php(272): Bake\Shell\Task\ControllerTask->main('TecnicaResponsa...')
#20 C:\wamp64\www\generaps\Vendor\cakephp\cakephp\src\Collection\CollectionTrait.php(51): Bake\Shell\BakeShell->Bake\Shell\{closure}('TecnicaResponsa...', 0)
#21 C:\wamp64\www\generaps\Vendor\cakephp\bake\src\Shell\BakeShell.php(273): Cake\Collection\Collection->each(Object(Closure))
#22 C:\wamp64\www\generaps\Vendor\cakephp\cakephp\src\Console\Shell.php(493): Bake\Shell\BakeShell->all('tecnica_respons...')
#23 C:\wamp64\www\generaps\Vendor\cakephp\cakephp\src\Console\CommandRunner.php(141): Cake\Console\Shell->runCommand(Array, true)
#24 C:\wamp64\www\generaps\bin\cake.php(12): Cake\Console\CommandRunner->run(Array)
#25 {main}


2018-03-22 18:06:58 Error: [RuntimeException] Acl\Model\Table\PermissionsTable association "Aros" of type "manyToOne" to "App\Model\Table\ArosTable" doesn't match the expected class "Acl\Model\Table\ArosTable". You can't have an association of the same name with a different target "className" option anywhere in your app. in C:\wamp64\www\generaps\Vendor\cakephp\cakephp\src\ORM\Association.php on line 423
Stack Trace:
#0 C:\wamp64\www\generaps\Vendor\cakephp\cakephp\src\ORM\Association.php(452): Cake\ORM\Association->getTarget()
#1 C:\wamp64\www\generaps\Vendor\cakephp\acl\src\Model\Table\PermissionsTable.php(45): Cake\ORM\Association->target()
#2 C:\wamp64\www\generaps\Vendor\cakephp\cakephp\src\ORM\Table.php(291): Acl\Model\Table\PermissionsTable->initialize(Array)
#3 C:\wamp64\www\generaps\Vendor\cakephp\cakephp\src\ORM\Locator\TableLocator.php(249): Cake\ORM\Table->__construct(Array)
#4 C:\wamp64\www\generaps\Vendor\cakephp\cakephp\src\ORM\Locator\TableLocator.php(216): Cake\ORM\Locator\TableLocator->_create(Array)
#5 C:\wamp64\www\generaps\Vendor\cakephp\cakephp\src\ORM\TableRegistry.php(132): Cake\ORM\Locator\TableLocator->get('Permissions', Array)
#6 C:\wamp64\www\generaps\Vendor\cakephp\acl\src\Adapter\DbAcl.php(52): Cake\ORM\TableRegistry::get('Permissions', Array)
#7 C:\wamp64\www\generaps\Vendor\cakephp\acl\src\Controller\Component\AclComponent.php(95): Acl\Adapter\DbAcl->__construct()
#8 C:\wamp64\www\generaps\Vendor\cakephp\acl\src\Controller\Component\AclComponent.php(76): Acl\Controller\Component\AclComponent->adapter('Acl\\Adapter\\DbA...')
#9 C:\wamp64\www\generaps\Vendor\cakephp\cakephp\src\Controller\ComponentRegistry.php(119): Acl\Controller\Component\AclComponent->__construct(Object(Cake\Controller\ComponentRegistry), Array)
#10 C:\wamp64\www\generaps\Vendor\cakephp\cakephp\src\Core\ObjectRegistry.php(96): Cake\Controller\ComponentRegistry->_create('Acl\\Controller\\...', 'Acl', Array)
#11 C:\wamp64\www\generaps\Vendor\cakephp\cakephp\src\Controller\Controller.php(324): Cake\Core\ObjectRegistry->load('Acl.Acl', Array)
#12 C:\wamp64\www\generaps\Vendor\cakephp\cakephp\src\Controller\Controller.php(486): Cake\Controller\Controller->loadComponent('Acl', Array)
#13 C:\wamp64\www\generaps\Vendor\cakephp\cakephp\src\Controller\Controller.php(266): Cake\Controller\Controller->_loadComponents()
#14 C:\wamp64\www\generaps\Vendor\cakephp\bake\src\Shell\Task\TestTask.php(325): Cake\Controller\Controller->__construct(Object(Cake\Http\ServerRequest), Object(Cake\Http\Response))
#15 C:\wamp64\www\generaps\Vendor\cakephp\bake\src\Shell\Task\TestTask.php(230): Bake\Shell\Task\TestTask->buildTestSubject('Controller', 'App\\Controller\\...')
#16 C:\wamp64\www\generaps\Vendor\cakephp\bake\src\Shell\Task\ControllerTask.php(214): Bake\Shell\Task\TestTask->bake('Controller', 'TecnicaResponsa...')
#17 C:\wamp64\www\generaps\Vendor\cakephp\bake\src\Shell\Task\ControllerTask.php(163): Bake\Shell\Task\ControllerTask->bakeTest('TecnicaResponsa...')
#18 C:\wamp64\www\generaps\Vendor\cakephp\bake\src\Shell\Task\ControllerTask.php(69): Bake\Shell\Task\ControllerTask->bake('TecnicaResponsa...')
#19 C:\wamp64\www\generaps\Vendor\cakephp\bake\src\Shell\BakeShell.php(272): Bake\Shell\Task\ControllerTask->main('TecnicaResponsa...')
#20 C:\wamp64\www\generaps\Vendor\cakephp\cakephp\src\Collection\CollectionTrait.php(51): Bake\Shell\BakeShell->Bake\Shell\{closure}('TecnicaResponsa...', 0)
#21 C:\wamp64\www\generaps\Vendor\cakephp\bake\src\Shell\BakeShell.php(273): Cake\Collection\Collection->each(Object(Closure))
#22 C:\wamp64\www\generaps\Vendor\cakephp\cakephp\src\Console\Shell.php(493): Bake\Shell\BakeShell->all('tecnica_respons...')
#23 C:\wamp64\www\generaps\Vendor\cakephp\cakephp\src\Console\CommandRunner.php(141): Cake\Console\Shell->runCommand(Array, true)
#24 C:\wamp64\www\generaps\bin\cake.php(12): Cake\Console\CommandRunner->run(Array)
#25 {main}


2018-03-22 18:07:26 Error: [RuntimeException] Acl\Model\Table\PermissionsTable association "Aros" of type "manyToOne" to "App\Model\Table\ArosTable" doesn't match the expected class "Acl\Model\Table\ArosTable". You can't have an association of the same name with a different target "className" option anywhere in your app. in C:\wamp64\www\generaps\Vendor\cakephp\cakephp\src\ORM\Association.php on line 423
Stack Trace:
#0 C:\wamp64\www\generaps\Vendor\cakephp\cakephp\src\ORM\Association.php(452): Cake\ORM\Association->getTarget()
#1 C:\wamp64\www\generaps\Vendor\cakephp\acl\src\Model\Table\PermissionsTable.php(45): Cake\ORM\Association->target()
#2 C:\wamp64\www\generaps\Vendor\cakephp\cakephp\src\ORM\Table.php(291): Acl\Model\Table\PermissionsTable->initialize(Array)
#3 C:\wamp64\www\generaps\Vendor\cakephp\cakephp\src\ORM\Locator\TableLocator.php(249): Cake\ORM\Table->__construct(Array)
#4 C:\wamp64\www\generaps\Vendor\cakephp\cakephp\src\ORM\Locator\TableLocator.php(216): Cake\ORM\Locator\TableLocator->_create(Array)
#5 C:\wamp64\www\generaps\Vendor\cakephp\cakephp\src\ORM\TableRegistry.php(132): Cake\ORM\Locator\TableLocator->get('Permissions', Array)
#6 C:\wamp64\www\generaps\Vendor\cakephp\acl\src\Adapter\DbAcl.php(52): Cake\ORM\TableRegistry::get('Permissions', Array)
#7 C:\wamp64\www\generaps\Vendor\cakephp\acl\src\Controller\Component\AclComponent.php(95): Acl\Adapter\DbAcl->__construct()
#8 C:\wamp64\www\generaps\Vendor\cakephp\acl\src\Controller\Component\AclComponent.php(76): Acl\Controller\Component\AclComponent->adapter('Acl\\Adapter\\DbA...')
#9 C:\wamp64\www\generaps\Vendor\cakephp\cakephp\src\Controller\ComponentRegistry.php(119): Acl\Controller\Component\AclComponent->__construct(Object(Cake\Controller\ComponentRegistry), Array)
#10 C:\wamp64\www\generaps\Vendor\cakephp\cakephp\src\Core\ObjectRegistry.php(96): Cake\Controller\ComponentRegistry->_create('Acl\\Controller\\...', 'Acl', Array)
#11 C:\wamp64\www\generaps\Vendor\cakephp\cakephp\src\Controller\Controller.php(324): Cake\Core\ObjectRegistry->load('Acl.Acl', Array)
#12 C:\wamp64\www\generaps\Vendor\cakephp\cakephp\src\Controller\Controller.php(486): Cake\Controller\Controller->loadComponent('Acl', Array)
#13 C:\wamp64\www\generaps\Vendor\cakephp\cakephp\src\Controller\Controller.php(266): Cake\Controller\Controller->_loadComponents()
#14 C:\wamp64\www\generaps\Vendor\cakephp\bake\src\Shell\Task\TestTask.php(325): Cake\Controller\Controller->__construct(Object(Cake\Http\ServerRequest), Object(Cake\Http\Response))
#15 C:\wamp64\www\generaps\Vendor\cakephp\bake\src\Shell\Task\TestTask.php(230): Bake\Shell\Task\TestTask->buildTestSubject('Controller', 'App\\Controller\\...')
#16 C:\wamp64\www\generaps\Vendor\cakephp\bake\src\Shell\Task\ControllerTask.php(214): Bake\Shell\Task\TestTask->bake('Controller', 'Tecnicas')
#17 C:\wamp64\www\generaps\Vendor\cakephp\bake\src\Shell\Task\ControllerTask.php(163): Bake\Shell\Task\ControllerTask->bakeTest('Tecnicas')
#18 C:\wamp64\www\generaps\Vendor\cakephp\bake\src\Shell\Task\ControllerTask.php(69): Bake\Shell\Task\ControllerTask->bake('Tecnicas')
#19 C:\wamp64\www\generaps\Vendor\cakephp\bake\src\Shell\BakeShell.php(272): Bake\Shell\Task\ControllerTask->main('Tecnicas')
#20 C:\wamp64\www\generaps\Vendor\cakephp\cakephp\src\Collection\CollectionTrait.php(51): Bake\Shell\BakeShell->Bake\Shell\{closure}('Tecnicas', 0)
#21 C:\wamp64\www\generaps\Vendor\cakephp\bake\src\Shell\BakeShell.php(273): Cake\Collection\Collection->each(Object(Closure))
#22 C:\wamp64\www\generaps\Vendor\cakephp\cakephp\src\Console\Shell.php(493): Bake\Shell\BakeShell->all('tecnicas')
#23 C:\wamp64\www\generaps\Vendor\cakephp\cakephp\src\Console\CommandRunner.php(141): Cake\Console\Shell->runCommand(Array, true)
#24 C:\wamp64\www\generaps\bin\cake.php(12): Cake\Console\CommandRunner->run(Array)
#25 {main}


2018-03-22 18:09:36 Error: [RuntimeException] Acl\Model\Table\PermissionsTable association "Aros" of type "manyToOne" to "App\Model\Table\ArosTable" doesn't match the expected class "Acl\Model\Table\ArosTable". You can't have an association of the same name with a different target "className" option anywhere in your app. in C:\wamp64\www\generaps\Vendor\cakephp\cakephp\src\ORM\Association.php on line 423
Stack Trace:
#0 C:\wamp64\www\generaps\Vendor\cakephp\cakephp\src\ORM\Association.php(452): Cake\ORM\Association->getTarget()
#1 C:\wamp64\www\generaps\Vendor\cakephp\acl\src\Model\Table\PermissionsTable.php(45): Cake\ORM\Association->target()
#2 C:\wamp64\www\generaps\Vendor\cakephp\cakephp\src\ORM\Table.php(291): Acl\Model\Table\PermissionsTable->initialize(Array)
#3 C:\wamp64\www\generaps\Vendor\cakephp\cakephp\src\ORM\Locator\TableLocator.php(249): Cake\ORM\Table->__construct(Array)
#4 C:\wamp64\www\generaps\Vendor\cakephp\cakephp\src\ORM\Locator\TableLocator.php(216): Cake\ORM\Locator\TableLocator->_create(Array)
#5 C:\wamp64\www\generaps\Vendor\cakephp\cakephp\src\ORM\TableRegistry.php(132): Cake\ORM\Locator\TableLocator->get('Permissions', Array)
#6 C:\wamp64\www\generaps\Vendor\cakephp\acl\src\Adapter\DbAcl.php(52): Cake\ORM\TableRegistry::get('Permissions', Array)
#7 C:\wamp64\www\generaps\Vendor\cakephp\acl\src\Controller\Component\AclComponent.php(95): Acl\Adapter\DbAcl->__construct()
#8 C:\wamp64\www\generaps\Vendor\cakephp\acl\src\Controller\Component\AclComponent.php(76): Acl\Controller\Component\AclComponent->adapter('Acl\\Adapter\\DbA...')
#9 C:\wamp64\www\generaps\Vendor\cakephp\cakephp\src\Controller\ComponentRegistry.php(119): Acl\Controller\Component\AclComponent->__construct(Object(Cake\Controller\ComponentRegistry), Array)
#10 C:\wamp64\www\generaps\Vendor\cakephp\cakephp\src\Core\ObjectRegistry.php(96): Cake\Controller\ComponentRegistry->_create('Acl\\Controller\\...', 'Acl', Array)
#11 C:\wamp64\www\generaps\Vendor\cakephp\cakephp\src\Controller\Controller.php(324): Cake\Core\ObjectRegistry->load('Acl.Acl', Array)
#12 C:\wamp64\www\generaps\Vendor\cakephp\cakephp\src\Controller\Controller.php(486): Cake\Controller\Controller->loadComponent('Acl', Array)
#13 C:\wamp64\www\generaps\Vendor\cakephp\cakephp\src\Controller\Controller.php(266): Cake\Controller\Controller->_loadComponents()
#14 C:\wamp64\www\generaps\Vendor\cakephp\bake\src\Shell\Task\TestTask.php(325): Cake\Controller\Controller->__construct(Object(Cake\Http\ServerRequest), Object(Cake\Http\Response))
#15 C:\wamp64\www\generaps\Vendor\cakephp\bake\src\Shell\Task\TestTask.php(230): Bake\Shell\Task\TestTask->buildTestSubject('Controller', 'App\\Controller\\...')
#16 C:\wamp64\www\generaps\Vendor\cakephp\bake\src\Shell\Task\ControllerTask.php(214): Bake\Shell\Task\TestTask->bake('Controller', 'Tecnicas')
#17 C:\wamp64\www\generaps\Vendor\cakephp\bake\src\Shell\Task\ControllerTask.php(163): Bake\Shell\Task\ControllerTask->bakeTest('Tecnicas')
#18 C:\wamp64\www\generaps\Vendor\cakephp\bake\src\Shell\Task\ControllerTask.php(69): Bake\Shell\Task\ControllerTask->bake('Tecnicas')
#19 C:\wamp64\www\generaps\Vendor\cakephp\bake\src\Shell\BakeShell.php(272): Bake\Shell\Task\ControllerTask->main('Tecnicas')
#20 C:\wamp64\www\generaps\Vendor\cakephp\cakephp\src\Collection\CollectionTrait.php(51): Bake\Shell\BakeShell->Bake\Shell\{closure}('Tecnicas', 0)
#21 C:\wamp64\www\generaps\Vendor\cakephp\bake\src\Shell\BakeShell.php(273): Cake\Collection\Collection->each(Object(Closure))
#22 C:\wamp64\www\generaps\Vendor\cakephp\cakephp\src\Console\Shell.php(493): Bake\Shell\BakeShell->all('tecnicas')
#23 C:\wamp64\www\generaps\Vendor\cakephp\cakephp\src\Console\CommandRunner.php(141): Cake\Console\Shell->runCommand(Array, true)
#24 C:\wamp64\www\generaps\bin\cake.php(12): Cake\Console\CommandRunner->run(Array)
#25 {main}


2018-03-22 18:13:35 Error: [RuntimeException] Acl\Model\Table\PermissionsTable association "Aros" of type "manyToOne" to "App\Model\Table\ArosTable" doesn't match the expected class "Acl\Model\Table\ArosTable". You can't have an association of the same name with a different target "className" option anywhere in your app. in C:\wamp64\www\generaps\Vendor\cakephp\cakephp\src\ORM\Association.php on line 423
Stack Trace:
#0 C:\wamp64\www\generaps\Vendor\cakephp\cakephp\src\ORM\Association.php(452): Cake\ORM\Association->getTarget()
#1 C:\wamp64\www\generaps\Vendor\cakephp\acl\src\Model\Table\PermissionsTable.php(45): Cake\ORM\Association->target()
#2 C:\wamp64\www\generaps\Vendor\cakephp\cakephp\src\ORM\Table.php(291): Acl\Model\Table\PermissionsTable->initialize(Array)
#3 C:\wamp64\www\generaps\Vendor\cakephp\cakephp\src\ORM\Locator\TableLocator.php(249): Cake\ORM\Table->__construct(Array)
#4 C:\wamp64\www\generaps\Vendor\cakephp\cakephp\src\ORM\Locator\TableLocator.php(216): Cake\ORM\Locator\TableLocator->_create(Array)
#5 C:\wamp64\www\generaps\Vendor\cakephp\cakephp\src\ORM\TableRegistry.php(132): Cake\ORM\Locator\TableLocator->get('Permissions', Array)
#6 C:\wamp64\www\generaps\Vendor\cakephp\acl\src\Adapter\DbAcl.php(52): Cake\ORM\TableRegistry::get('Permissions', Array)
#7 C:\wamp64\www\generaps\Vendor\cakephp\acl\src\Controller\Component\AclComponent.php(95): Acl\Adapter\DbAcl->__construct()
#8 C:\wamp64\www\generaps\Vendor\cakephp\acl\src\Controller\Component\AclComponent.php(76): Acl\Controller\Component\AclComponent->adapter('Acl\\Adapter\\DbA...')
#9 C:\wamp64\www\generaps\Vendor\cakephp\cakephp\src\Controller\ComponentRegistry.php(119): Acl\Controller\Component\AclComponent->__construct(Object(Cake\Controller\ComponentRegistry), Array)
#10 C:\wamp64\www\generaps\Vendor\cakephp\cakephp\src\Core\ObjectRegistry.php(96): Cake\Controller\ComponentRegistry->_create('Acl\\Controller\\...', 'Acl', Array)
#11 C:\wamp64\www\generaps\Vendor\cakephp\cakephp\src\Controller\Controller.php(324): Cake\Core\ObjectRegistry->load('Acl.Acl', Array)
#12 C:\wamp64\www\generaps\Vendor\cakephp\cakephp\src\Controller\Controller.php(486): Cake\Controller\Controller->loadComponent('Acl', Array)
#13 C:\wamp64\www\generaps\Vendor\cakephp\cakephp\src\Controller\Controller.php(266): Cake\Controller\Controller->_loadComponents()
#14 C:\wamp64\www\generaps\Vendor\cakephp\bake\src\Shell\Task\TestTask.php(325): Cake\Controller\Controller->__construct(Object(Cake\Http\ServerRequest), Object(Cake\Http\Response))
#15 C:\wamp64\www\generaps\Vendor\cakephp\bake\src\Shell\Task\TestTask.php(230): Bake\Shell\Task\TestTask->buildTestSubject('Controller', 'App\\Controller\\...')
#16 C:\wamp64\www\generaps\Vendor\cakephp\bake\src\Shell\Task\ControllerTask.php(214): Bake\Shell\Task\TestTask->bake('Controller', 'TecnicaResponsa...')
#17 C:\wamp64\www\generaps\Vendor\cakephp\bake\src\Shell\Task\ControllerTask.php(163): Bake\Shell\Task\ControllerTask->bakeTest('TecnicaResponsa...')
#18 C:\wamp64\www\generaps\Vendor\cakephp\bake\src\Shell\Task\ControllerTask.php(69): Bake\Shell\Task\ControllerTask->bake('TecnicaResponsa...')
#19 C:\wamp64\www\generaps\Vendor\cakephp\bake\src\Shell\BakeShell.php(272): Bake\Shell\Task\ControllerTask->main('TecnicaResponsa...')
#20 C:\wamp64\www\generaps\Vendor\cakephp\cakephp\src\Collection\CollectionTrait.php(51): Bake\Shell\BakeShell->Bake\Shell\{closure}('TecnicaResponsa...', 0)
#21 C:\wamp64\www\generaps\Vendor\cakephp\bake\src\Shell\BakeShell.php(273): Cake\Collection\Collection->each(Object(Closure))
#22 C:\wamp64\www\generaps\Vendor\cakephp\cakephp\src\Console\Shell.php(493): Bake\Shell\BakeShell->all('tecnica_respons...')
#23 C:\wamp64\www\generaps\Vendor\cakephp\cakephp\src\Console\CommandRunner.php(141): Cake\Console\Shell->runCommand(Array, true)
#24 C:\wamp64\www\generaps\bin\cake.php(12): Cake\Console\CommandRunner->run(Array)
#25 {main}


2018-03-22 18:14:23 Error: [RuntimeException] Acl\Model\Table\PermissionsTable association "Aros" of type "manyToOne" to "App\Model\Table\ArosTable" doesn't match the expected class "Acl\Model\Table\ArosTable". You can't have an association of the same name with a different target "className" option anywhere in your app. in C:\wamp64\www\generaps\Vendor\cakephp\cakephp\src\ORM\Association.php on line 423
Stack Trace:
#0 C:\wamp64\www\generaps\Vendor\cakephp\cakephp\src\ORM\Association.php(452): Cake\ORM\Association->getTarget()
#1 C:\wamp64\www\generaps\Vendor\cakephp\acl\src\Model\Table\PermissionsTable.php(45): Cake\ORM\Association->target()
#2 C:\wamp64\www\generaps\Vendor\cakephp\cakephp\src\ORM\Table.php(291): Acl\Model\Table\PermissionsTable->initialize(Array)
#3 C:\wamp64\www\generaps\Vendor\cakephp\cakephp\src\ORM\Locator\TableLocator.php(249): Cake\ORM\Table->__construct(Array)
#4 C:\wamp64\www\generaps\Vendor\cakephp\cakephp\src\ORM\Locator\TableLocator.php(216): Cake\ORM\Locator\TableLocator->_create(Array)
#5 C:\wamp64\www\generaps\Vendor\cakephp\cakephp\src\ORM\TableRegistry.php(132): Cake\ORM\Locator\TableLocator->get('Permissions', Array)
#6 C:\wamp64\www\generaps\Vendor\cakephp\acl\src\Adapter\DbAcl.php(52): Cake\ORM\TableRegistry::get('Permissions', Array)
#7 C:\wamp64\www\generaps\Vendor\cakephp\acl\src\Controller\Component\AclComponent.php(95): Acl\Adapter\DbAcl->__construct()
#8 C:\wamp64\www\generaps\Vendor\cakephp\acl\src\Controller\Component\AclComponent.php(76): Acl\Controller\Component\AclComponent->adapter('Acl\\Adapter\\DbA...')
#9 C:\wamp64\www\generaps\Vendor\cakephp\cakephp\src\Controller\ComponentRegistry.php(119): Acl\Controller\Component\AclComponent->__construct(Object(Cake\Controller\ComponentRegistry), Array)
#10 C:\wamp64\www\generaps\Vendor\cakephp\cakephp\src\Core\ObjectRegistry.php(96): Cake\Controller\ComponentRegistry->_create('Acl\\Controller\\...', 'Acl', Array)
#11 C:\wamp64\www\generaps\Vendor\cakephp\cakephp\src\Controller\Controller.php(324): Cake\Core\ObjectRegistry->load('Acl.Acl', Array)
#12 C:\wamp64\www\generaps\Vendor\cakephp\cakephp\src\Controller\Controller.php(486): Cake\Controller\Controller->loadComponent('Acl', Array)
#13 C:\wamp64\www\generaps\Vendor\cakephp\cakephp\src\Controller\Controller.php(266): Cake\Controller\Controller->_loadComponents()
#14 C:\wamp64\www\generaps\Vendor\cakephp\bake\src\Shell\Task\TestTask.php(325): Cake\Controller\Controller->__construct(Object(Cake\Http\ServerRequest), Object(Cake\Http\Response))
#15 C:\wamp64\www\generaps\Vendor\cakephp\bake\src\Shell\Task\TestTask.php(230): Bake\Shell\Task\TestTask->buildTestSubject('Controller', 'App\\Controller\\...')
#16 C:\wamp64\www\generaps\Vendor\cakephp\bake\src\Shell\Task\ControllerTask.php(214): Bake\Shell\Task\TestTask->bake('Controller', 'TecnicaResponsa...')
#17 C:\wamp64\www\generaps\Vendor\cakephp\bake\src\Shell\Task\ControllerTask.php(163): Bake\Shell\Task\ControllerTask->bakeTest('TecnicaResponsa...')
#18 C:\wamp64\www\generaps\Vendor\cakephp\bake\src\Shell\Task\ControllerTask.php(69): Bake\Shell\Task\ControllerTask->bake('TecnicaResponsa...')
#19 C:\wamp64\www\generaps\Vendor\cakephp\bake\src\Shell\BakeShell.php(272): Bake\Shell\Task\ControllerTask->main('TecnicaResponsa...')
#20 C:\wamp64\www\generaps\Vendor\cakephp\cakephp\src\Collection\CollectionTrait.php(51): Bake\Shell\BakeShell->Bake\Shell\{closure}('TecnicaResponsa...', 0)
#21 C:\wamp64\www\generaps\Vendor\cakephp\bake\src\Shell\BakeShell.php(273): Cake\Collection\Collection->each(Object(Closure))
#22 C:\wamp64\www\generaps\Vendor\cakephp\cakephp\src\Console\Shell.php(493): Bake\Shell\BakeShell->all('tecnica_respons...')
#23 C:\wamp64\www\generaps\Vendor\cakephp\cakephp\src\Console\CommandRunner.php(141): Cake\Console\Shell->runCommand(Array, true)
#24 C:\wamp64\www\generaps\bin\cake.php(12): Cake\Console\CommandRunner->run(Array)
#25 {main}


2018-03-22 18:15:12 Error: [RuntimeException] Acl\Model\Table\PermissionsTable association "Aros" of type "manyToOne" to "App\Model\Table\ArosTable" doesn't match the expected class "Acl\Model\Table\ArosTable". You can't have an association of the same name with a different target "className" option anywhere in your app. in C:\wamp64\www\generaps\Vendor\cakephp\cakephp\src\ORM\Association.php on line 423
Stack Trace:
#0 C:\wamp64\www\generaps\Vendor\cakephp\cakephp\src\ORM\Association.php(452): Cake\ORM\Association->getTarget()
#1 C:\wamp64\www\generaps\Vendor\cakephp\acl\src\Model\Table\PermissionsTable.php(45): Cake\ORM\Association->target()
#2 C:\wamp64\www\generaps\Vendor\cakephp\cakephp\src\ORM\Table.php(291): Acl\Model\Table\PermissionsTable->initialize(Array)
#3 C:\wamp64\www\generaps\Vendor\cakephp\cakephp\src\ORM\Locator\TableLocator.php(249): Cake\ORM\Table->__construct(Array)
#4 C:\wamp64\www\generaps\Vendor\cakephp\cakephp\src\ORM\Locator\TableLocator.php(216): Cake\ORM\Locator\TableLocator->_create(Array)
#5 C:\wamp64\www\generaps\Vendor\cakephp\cakephp\src\ORM\TableRegistry.php(132): Cake\ORM\Locator\TableLocator->get('Permissions', Array)
#6 C:\wamp64\www\generaps\Vendor\cakephp\acl\src\Adapter\DbAcl.php(52): Cake\ORM\TableRegistry::get('Permissions', Array)
#7 C:\wamp64\www\generaps\Vendor\cakephp\acl\src\Controller\Component\AclComponent.php(95): Acl\Adapter\DbAcl->__construct()
#8 C:\wamp64\www\generaps\Vendor\cakephp\acl\src\Controller\Component\AclComponent.php(76): Acl\Controller\Component\AclComponent->adapter('Acl\\Adapter\\DbA...')
#9 C:\wamp64\www\generaps\Vendor\cakephp\cakephp\src\Controller\ComponentRegistry.php(119): Acl\Controller\Component\AclComponent->__construct(Object(Cake\Controller\ComponentRegistry), Array)
#10 C:\wamp64\www\generaps\Vendor\cakephp\cakephp\src\Core\ObjectRegistry.php(96): Cake\Controller\ComponentRegistry->_create('Acl\\Controller\\...', 'Acl', Array)
#11 C:\wamp64\www\generaps\Vendor\cakephp\cakephp\src\Controller\Controller.php(324): Cake\Core\ObjectRegistry->load('Acl.Acl', Array)
#12 C:\wamp64\www\generaps\Vendor\cakephp\cakephp\src\Controller\Controller.php(486): Cake\Controller\Controller->loadComponent('Acl', Array)
#13 C:\wamp64\www\generaps\Vendor\cakephp\cakephp\src\Controller\Controller.php(266): Cake\Controller\Controller->_loadComponents()
#14 C:\wamp64\www\generaps\Vendor\cakephp\bake\src\Shell\Task\TestTask.php(325): Cake\Controller\Controller->__construct(Object(Cake\Http\ServerRequest), Object(Cake\Http\Response))
#15 C:\wamp64\www\generaps\Vendor\cakephp\bake\src\Shell\Task\TestTask.php(230): Bake\Shell\Task\TestTask->buildTestSubject('Controller', 'App\\Controller\\...')
#16 C:\wamp64\www\generaps\Vendor\cakephp\bake\src\Shell\Task\ControllerTask.php(214): Bake\Shell\Task\TestTask->bake('Controller', 'TecnicaResponsa...')
#17 C:\wamp64\www\generaps\Vendor\cakephp\bake\src\Shell\Task\ControllerTask.php(163): Bake\Shell\Task\ControllerTask->bakeTest('TecnicaResponsa...')
#18 C:\wamp64\www\generaps\Vendor\cakephp\bake\src\Shell\Task\ControllerTask.php(69): Bake\Shell\Task\ControllerTask->bake('TecnicaResponsa...')
#19 C:\wamp64\www\generaps\Vendor\cakephp\bake\src\Shell\BakeShell.php(272): Bake\Shell\Task\ControllerTask->main('TecnicaResponsa...')
#20 C:\wamp64\www\generaps\Vendor\cakephp\cakephp\src\Collection\CollectionTrait.php(51): Bake\Shell\BakeShell->Bake\Shell\{closure}('TecnicaResponsa...', 0)
#21 C:\wamp64\www\generaps\Vendor\cakephp\bake\src\Shell\BakeShell.php(273): Cake\Collection\Collection->each(Object(Closure))
#22 C:\wamp64\www\generaps\Vendor\cakephp\cakephp\src\Console\Shell.php(493): Bake\Shell\BakeShell->all('tecnica_respons...')
#23 C:\wamp64\www\generaps\Vendor\cakephp\cakephp\src\Console\CommandRunner.php(141): Cake\Console\Shell->runCommand(Array, true)
#24 C:\wamp64\www\generaps\bin\cake.php(12): Cake\Console\CommandRunner->run(Array)
#25 {main}


2018-03-22 18:16:04 Error: [RuntimeException] Acl\Model\Table\PermissionsTable association "Aros" of type "manyToOne" to "App\Model\Table\ArosTable" doesn't match the expected class "Acl\Model\Table\ArosTable". You can't have an association of the same name with a different target "className" option anywhere in your app. in C:\wamp64\www\generaps\Vendor\cakephp\cakephp\src\ORM\Association.php on line 423
Stack Trace:
#0 C:\wamp64\www\generaps\Vendor\cakephp\cakephp\src\ORM\Association.php(452): Cake\ORM\Association->getTarget()
#1 C:\wamp64\www\generaps\Vendor\cakephp\acl\src\Model\Table\PermissionsTable.php(45): Cake\ORM\Association->target()
#2 C:\wamp64\www\generaps\Vendor\cakephp\cakephp\src\ORM\Table.php(291): Acl\Model\Table\PermissionsTable->initialize(Array)
#3 C:\wamp64\www\generaps\Vendor\cakephp\cakephp\src\ORM\Locator\TableLocator.php(249): Cake\ORM\Table->__construct(Array)
#4 C:\wamp64\www\generaps\Vendor\cakephp\cakephp\src\ORM\Locator\TableLocator.php(216): Cake\ORM\Locator\TableLocator->_create(Array)
#5 C:\wamp64\www\generaps\Vendor\cakephp\cakephp\src\ORM\TableRegistry.php(132): Cake\ORM\Locator\TableLocator->get('Permissions', Array)
#6 C:\wamp64\www\generaps\Vendor\cakephp\acl\src\Adapter\DbAcl.php(52): Cake\ORM\TableRegistry::get('Permissions', Array)
#7 C:\wamp64\www\generaps\Vendor\cakephp\acl\src\Controller\Component\AclComponent.php(95): Acl\Adapter\DbAcl->__construct()
#8 C:\wamp64\www\generaps\Vendor\cakephp\acl\src\Controller\Component\AclComponent.php(76): Acl\Controller\Component\AclComponent->adapter('Acl\\Adapter\\DbA...')
#9 C:\wamp64\www\generaps\Vendor\cakephp\cakephp\src\Controller\ComponentRegistry.php(119): Acl\Controller\Component\AclComponent->__construct(Object(Cake\Controller\ComponentRegistry), Array)
#10 C:\wamp64\www\generaps\Vendor\cakephp\cakephp\src\Core\ObjectRegistry.php(96): Cake\Controller\ComponentRegistry->_create('Acl\\Controller\\...', 'Acl', Array)
#11 C:\wamp64\www\generaps\Vendor\cakephp\cakephp\src\Controller\Controller.php(324): Cake\Core\ObjectRegistry->load('Acl.Acl', Array)
#12 C:\wamp64\www\generaps\Vendor\cakephp\cakephp\src\Controller\Controller.php(486): Cake\Controller\Controller->loadComponent('Acl', Array)
#13 C:\wamp64\www\generaps\Vendor\cakephp\cakephp\src\Controller\Controller.php(266): Cake\Controller\Controller->_loadComponents()
#14 C:\wamp64\www\generaps\Vendor\cakephp\bake\src\Shell\Task\TestTask.php(325): Cake\Controller\Controller->__construct(Object(Cake\Http\ServerRequest), Object(Cake\Http\Response))
#15 C:\wamp64\www\generaps\Vendor\cakephp\bake\src\Shell\Task\TestTask.php(230): Bake\Shell\Task\TestTask->buildTestSubject('Controller', 'App\\Controller\\...')
#16 C:\wamp64\www\generaps\Vendor\cakephp\bake\src\Shell\Task\ControllerTask.php(214): Bake\Shell\Task\TestTask->bake('Controller', 'TecnicaResponsa...')
#17 C:\wamp64\www\generaps\Vendor\cakephp\bake\src\Shell\Task\ControllerTask.php(163): Bake\Shell\Task\ControllerTask->bakeTest('TecnicaResponsa...')
#18 C:\wamp64\www\generaps\Vendor\cakephp\bake\src\Shell\Task\ControllerTask.php(69): Bake\Shell\Task\ControllerTask->bake('TecnicaResponsa...')
#19 C:\wamp64\www\generaps\Vendor\cakephp\bake\src\Shell\BakeShell.php(272): Bake\Shell\Task\ControllerTask->main('TecnicaResponsa...')
#20 C:\wamp64\www\generaps\Vendor\cakephp\cakephp\src\Collection\CollectionTrait.php(51): Bake\Shell\BakeShell->Bake\Shell\{closure}('TecnicaResponsa...', 0)
#21 C:\wamp64\www\generaps\Vendor\cakephp\bake\src\Shell\BakeShell.php(273): Cake\Collection\Collection->each(Object(Closure))
#22 C:\wamp64\www\generaps\Vendor\cakephp\cakephp\src\Console\Shell.php(493): Bake\Shell\BakeShell->all('tecnica_respons...')
#23 C:\wamp64\www\generaps\Vendor\cakephp\cakephp\src\Console\CommandRunner.php(141): Cake\Console\Shell->runCommand(Array, true)
#24 C:\wamp64\www\generaps\bin\cake.php(12): Cake\Console\CommandRunner->run(Array)
#25 {main}


2018-03-22 18:17:02 Error: [RuntimeException] Acl\Model\Table\PermissionsTable association "Aros" of type "manyToOne" to "App\Model\Table\ArosTable" doesn't match the expected class "Acl\Model\Table\ArosTable". You can't have an association of the same name with a different target "className" option anywhere in your app. in C:\wamp64\www\generaps\Vendor\cakephp\cakephp\src\ORM\Association.php on line 423
Stack Trace:
#0 C:\wamp64\www\generaps\Vendor\cakephp\cakephp\src\ORM\Association.php(452): Cake\ORM\Association->getTarget()
#1 C:\wamp64\www\generaps\Vendor\cakephp\acl\src\Model\Table\PermissionsTable.php(45): Cake\ORM\Association->target()
#2 C:\wamp64\www\generaps\Vendor\cakephp\cakephp\src\ORM\Table.php(291): Acl\Model\Table\PermissionsTable->initialize(Array)
#3 C:\wamp64\www\generaps\Vendor\cakephp\cakephp\src\ORM\Locator\TableLocator.php(249): Cake\ORM\Table->__construct(Array)
#4 C:\wamp64\www\generaps\Vendor\cakephp\cakephp\src\ORM\Locator\TableLocator.php(216): Cake\ORM\Locator\TableLocator->_create(Array)
#5 C:\wamp64\www\generaps\Vendor\cakephp\cakephp\src\ORM\TableRegistry.php(132): Cake\ORM\Locator\TableLocator->get('Permissions', Array)
#6 C:\wamp64\www\generaps\Vendor\cakephp\acl\src\Adapter\DbAcl.php(52): Cake\ORM\TableRegistry::get('Permissions', Array)
#7 C:\wamp64\www\generaps\Vendor\cakephp\acl\src\Controller\Component\AclComponent.php(95): Acl\Adapter\DbAcl->__construct()
#8 C:\wamp64\www\generaps\Vendor\cakephp\acl\src\Controller\Component\AclComponent.php(76): Acl\Controller\Component\AclComponent->adapter('Acl\\Adapter\\DbA...')
#9 C:\wamp64\www\generaps\Vendor\cakephp\cakephp\src\Controller\ComponentRegistry.php(119): Acl\Controller\Component\AclComponent->__construct(Object(Cake\Controller\ComponentRegistry), Array)
#10 C:\wamp64\www\generaps\Vendor\cakephp\cakephp\src\Core\ObjectRegistry.php(96): Cake\Controller\ComponentRegistry->_create('Acl\\Controller\\...', 'Acl', Array)
#11 C:\wamp64\www\generaps\Vendor\cakephp\cakephp\src\Controller\Controller.php(324): Cake\Core\ObjectRegistry->load('Acl.Acl', Array)
#12 C:\wamp64\www\generaps\Vendor\cakephp\cakephp\src\Controller\Controller.php(486): Cake\Controller\Controller->loadComponent('Acl', Array)
#13 C:\wamp64\www\generaps\Vendor\cakephp\cakephp\src\Controller\Controller.php(266): Cake\Controller\Controller->_loadComponents()
#14 C:\wamp64\www\generaps\Vendor\cakephp\bake\src\Shell\Task\TestTask.php(325): Cake\Controller\Controller->__construct(Object(Cake\Http\ServerRequest), Object(Cake\Http\Response))
#15 C:\wamp64\www\generaps\Vendor\cakephp\bake\src\Shell\Task\TestTask.php(230): Bake\Shell\Task\TestTask->buildTestSubject('Controller', 'App\\Controller\\...')
#16 C:\wamp64\www\generaps\Vendor\cakephp\bake\src\Shell\Task\ControllerTask.php(214): Bake\Shell\Task\TestTask->bake('Controller', 'TecnicaResponsa...')
#17 C:\wamp64\www\generaps\Vendor\cakephp\bake\src\Shell\Task\ControllerTask.php(163): Bake\Shell\Task\ControllerTask->bakeTest('TecnicaResponsa...')
#18 C:\wamp64\www\generaps\Vendor\cakephp\bake\src\Shell\Task\ControllerTask.php(69): Bake\Shell\Task\ControllerTask->bake('TecnicaResponsa...')
#19 C:\wamp64\www\generaps\Vendor\cakephp\bake\src\Shell\BakeShell.php(272): Bake\Shell\Task\ControllerTask->main('TecnicaResponsa...')
#20 C:\wamp64\www\generaps\Vendor\cakephp\cakephp\src\Collection\CollectionTrait.php(51): Bake\Shell\BakeShell->Bake\Shell\{closure}('TecnicaResponsa...', 0)
#21 C:\wamp64\www\generaps\Vendor\cakephp\bake\src\Shell\BakeShell.php(273): Cake\Collection\Collection->each(Object(Closure))
#22 C:\wamp64\www\generaps\Vendor\cakephp\cakephp\src\Console\Shell.php(493): Bake\Shell\BakeShell->all('tecnica_respons...')
#23 C:\wamp64\www\generaps\Vendor\cakephp\cakephp\src\Console\CommandRunner.php(141): Cake\Console\Shell->runCommand(Array, true)
#24 C:\wamp64\www\generaps\bin\cake.php(12): Cake\Console\CommandRunner->run(Array)
#25 {main}


2018-03-22 18:19:32 Error: [RuntimeException] Acl\Model\Table\PermissionsTable association "Aros" of type "manyToOne" to "App\Model\Table\ArosTable" doesn't match the expected class "Acl\Model\Table\ArosTable". You can't have an association of the same name with a different target "className" option anywhere in your app. in C:\wamp64\www\generaps\Vendor\cakephp\cakephp\src\ORM\Association.php on line 423
Stack Trace:
#0 C:\wamp64\www\generaps\Vendor\cakephp\cakephp\src\ORM\Association.php(452): Cake\ORM\Association->getTarget()
#1 C:\wamp64\www\generaps\Vendor\cakephp\acl\src\Model\Table\PermissionsTable.php(45): Cake\ORM\Association->target()
#2 C:\wamp64\www\generaps\Vendor\cakephp\cakephp\src\ORM\Table.php(291): Acl\Model\Table\PermissionsTable->initialize(Array)
#3 C:\wamp64\www\generaps\Vendor\cakephp\cakephp\src\ORM\Locator\TableLocator.php(249): Cake\ORM\Table->__construct(Array)
#4 C:\wamp64\www\generaps\Vendor\cakephp\cakephp\src\ORM\Locator\TableLocator.php(216): Cake\ORM\Locator\TableLocator->_create(Array)
#5 C:\wamp64\www\generaps\Vendor\cakephp\cakephp\src\ORM\TableRegistry.php(132): Cake\ORM\Locator\TableLocator->get('Permissions', Array)
#6 C:\wamp64\www\generaps\Vendor\cakephp\acl\src\Adapter\DbAcl.php(52): Cake\ORM\TableRegistry::get('Permissions', Array)
#7 C:\wamp64\www\generaps\Vendor\cakephp\acl\src\Controller\Component\AclComponent.php(95): Acl\Adapter\DbAcl->__construct()
#8 C:\wamp64\www\generaps\Vendor\cakephp\acl\src\Controller\Component\AclComponent.php(76): Acl\Controller\Component\AclComponent->adapter('Acl\\Adapter\\DbA...')
#9 C:\wamp64\www\generaps\Vendor\cakephp\cakephp\src\Controller\ComponentRegistry.php(119): Acl\Controller\Component\AclComponent->__construct(Object(Cake\Controller\ComponentRegistry), Array)
#10 C:\wamp64\www\generaps\Vendor\cakephp\cakephp\src\Core\ObjectRegistry.php(96): Cake\Controller\ComponentRegistry->_create('Acl\\Controller\\...', 'Acl', Array)
#11 C:\wamp64\www\generaps\Vendor\cakephp\cakephp\src\Controller\Controller.php(324): Cake\Core\ObjectRegistry->load('Acl.Acl', Array)
#12 C:\wamp64\www\generaps\Vendor\cakephp\cakephp\src\Controller\Controller.php(486): Cake\Controller\Controller->loadComponent('Acl', Array)
#13 C:\wamp64\www\generaps\Vendor\cakephp\cakephp\src\Controller\Controller.php(266): Cake\Controller\Controller->_loadComponents()
#14 C:\wamp64\www\generaps\Vendor\cakephp\bake\src\Shell\Task\TestTask.php(325): Cake\Controller\Controller->__construct(Object(Cake\Http\ServerRequest), Object(Cake\Http\Response))
#15 C:\wamp64\www\generaps\Vendor\cakephp\bake\src\Shell\Task\TestTask.php(230): Bake\Shell\Task\TestTask->buildTestSubject('Controller', 'App\\Controller\\...')
#16 C:\wamp64\www\generaps\Vendor\cakephp\bake\src\Shell\Task\ControllerTask.php(214): Bake\Shell\Task\TestTask->bake('Controller', 'Tecnicas')
#17 C:\wamp64\www\generaps\Vendor\cakephp\bake\src\Shell\Task\ControllerTask.php(163): Bake\Shell\Task\ControllerTask->bakeTest('Tecnicas')
#18 C:\wamp64\www\generaps\Vendor\cakephp\bake\src\Shell\Task\ControllerTask.php(69): Bake\Shell\Task\ControllerTask->bake('Tecnicas')
#19 C:\wamp64\www\generaps\Vendor\cakephp\bake\src\Shell\BakeShell.php(272): Bake\Shell\Task\ControllerTask->main('Tecnicas')
#20 C:\wamp64\www\generaps\Vendor\cakephp\cakephp\src\Collection\CollectionTrait.php(51): Bake\Shell\BakeShell->Bake\Shell\{closure}('Tecnicas', 0)
#21 C:\wamp64\www\generaps\Vendor\cakephp\bake\src\Shell\BakeShell.php(273): Cake\Collection\Collection->each(Object(Closure))
#22 C:\wamp64\www\generaps\Vendor\cakephp\cakephp\src\Console\Shell.php(493): Bake\Shell\BakeShell->all('tecnicas')
#23 C:\wamp64\www\generaps\Vendor\cakephp\cakephp\src\Console\CommandRunner.php(141): Cake\Console\Shell->runCommand(Array, true)
#24 C:\wamp64\www\generaps\bin\cake.php(12): Cake\Console\CommandRunner->run(Array)
#25 {main}


2018-03-22 18:22:08 Error: [RuntimeException] Acl\Model\Table\PermissionsTable association "Aros" of type "manyToOne" to "App\Model\Table\ArosTable" doesn't match the expected class "Acl\Model\Table\ArosTable". You can't have an association of the same name with a different target "className" option anywhere in your app. in C:\wamp64\www\generaps\Vendor\cakephp\cakephp\src\ORM\Association.php on line 423
Stack Trace:
#0 C:\wamp64\www\generaps\Vendor\cakephp\cakephp\src\ORM\Association.php(452): Cake\ORM\Association->getTarget()
#1 C:\wamp64\www\generaps\Vendor\cakephp\acl\src\Model\Table\PermissionsTable.php(45): Cake\ORM\Association->target()
#2 C:\wamp64\www\generaps\Vendor\cakephp\cakephp\src\ORM\Table.php(291): Acl\Model\Table\PermissionsTable->initialize(Array)
#3 C:\wamp64\www\generaps\Vendor\cakephp\cakephp\src\ORM\Locator\TableLocator.php(249): Cake\ORM\Table->__construct(Array)
#4 C:\wamp64\www\generaps\Vendor\cakephp\cakephp\src\ORM\Locator\TableLocator.php(216): Cake\ORM\Locator\TableLocator->_create(Array)
#5 C:\wamp64\www\generaps\Vendor\cakephp\cakephp\src\ORM\TableRegistry.php(132): Cake\ORM\Locator\TableLocator->get('Permissions', Array)
#6 C:\wamp64\www\generaps\Vendor\cakephp\acl\src\Adapter\DbAcl.php(52): Cake\ORM\TableRegistry::get('Permissions', Array)
#7 C:\wamp64\www\generaps\Vendor\cakephp\acl\src\Controller\Component\AclComponent.php(95): Acl\Adapter\DbAcl->__construct()
#8 C:\wamp64\www\generaps\Vendor\cakephp\acl\src\Controller\Component\AclComponent.php(76): Acl\Controller\Component\AclComponent->adapter('Acl\\Adapter\\DbA...')
#9 C:\wamp64\www\generaps\Vendor\cakephp\cakephp\src\Controller\ComponentRegistry.php(119): Acl\Controller\Component\AclComponent->__construct(Object(Cake\Controller\ComponentRegistry), Array)
#10 C:\wamp64\www\generaps\Vendor\cakephp\cakephp\src\Core\ObjectRegistry.php(96): Cake\Controller\ComponentRegistry->_create('Acl\\Controller\\...', 'Acl', Array)
#11 C:\wamp64\www\generaps\Vendor\cakephp\cakephp\src\Controller\Controller.php(324): Cake\Core\ObjectRegistry->load('Acl.Acl', Array)
#12 C:\wamp64\www\generaps\Vendor\cakephp\cakephp\src\Controller\Controller.php(486): Cake\Controller\Controller->loadComponent('Acl', Array)
#13 C:\wamp64\www\generaps\Vendor\cakephp\cakephp\src\Controller\Controller.php(266): Cake\Controller\Controller->_loadComponents()
#14 C:\wamp64\www\generaps\Vendor\cakephp\bake\src\Shell\Task\TestTask.php(325): Cake\Controller\Controller->__construct(Object(Cake\Http\ServerRequest), Object(Cake\Http\Response))
#15 C:\wamp64\www\generaps\Vendor\cakephp\bake\src\Shell\Task\TestTask.php(230): Bake\Shell\Task\TestTask->buildTestSubject('Controller', 'App\\Controller\\...')
#16 C:\wamp64\www\generaps\Vendor\cakephp\bake\src\Shell\Task\ControllerTask.php(214): Bake\Shell\Task\TestTask->bake('Controller', 'TecnicasRespons...')
#17 C:\wamp64\www\generaps\Vendor\cakephp\bake\src\Shell\Task\ControllerTask.php(163): Bake\Shell\Task\ControllerTask->bakeTest('TecnicasRespons...')
#18 C:\wamp64\www\generaps\Vendor\cakephp\bake\src\Shell\Task\ControllerTask.php(69): Bake\Shell\Task\ControllerTask->bake('TecnicasRespons...')
#19 C:\wamp64\www\generaps\Vendor\cakephp\bake\src\Shell\BakeShell.php(272): Bake\Shell\Task\ControllerTask->main('TecnicasRespons...')
#20 C:\wamp64\www\generaps\Vendor\cakephp\cakephp\src\Collection\CollectionTrait.php(51): Bake\Shell\BakeShell->Bake\Shell\{closure}('TecnicasRespons...', 0)
#21 C:\wamp64\www\generaps\Vendor\cakephp\bake\src\Shell\BakeShell.php(273): Cake\Collection\Collection->each(Object(Closure))
#22 C:\wamp64\www\generaps\Vendor\cakephp\cakephp\src\Console\Shell.php(493): Bake\Shell\BakeShell->all('tecnicas_respon...')
#23 C:\wamp64\www\generaps\Vendor\cakephp\cakephp\src\Console\CommandRunner.php(141): Cake\Console\Shell->runCommand(Array, true)
#24 C:\wamp64\www\generaps\bin\cake.php(12): Cake\Console\CommandRunner->run(Array)
#25 {main}


2018-03-22 18:22:55 Error: [Cake\Database\Exception] SQLSTATE[42S02]: Base table or view not found: 1146 Table 'barracuda.tecnica_responsables' doesn't exist in C:\wamp64\www\generaps\Vendor\cakephp\cakephp\src\Database\Schema\Collection.php on line 131
Stack Trace:
#0 C:\wamp64\www\generaps\Vendor\cakephp\cakephp\src\Database\Schema\Collection.php(97): Cake\Database\Schema\Collection->_reflect('Column', 'tecnica_respons...', Array, Object(Cake\Database\Schema\TableSchema))
#1 C:\wamp64\www\generaps\Vendor\cakephp\cakephp\src\Database\Schema\CachedCollection.php(63): Cake\Database\Schema\Collection->describe('tecnica_respons...', Array)
#2 C:\wamp64\www\generaps\Vendor\cakephp\cakephp\src\ORM\Table.php(532): Cake\Database\Schema\CachedCollection->describe('tecnica_respons...')
#3 C:\wamp64\www\generaps\Vendor\cakephp\bake\src\Shell\Task\ModelTask.php(324): Cake\ORM\Table->getSchema()
#4 C:\wamp64\www\generaps\Vendor\cakephp\bake\src\Shell\Task\ModelTask.php(221): Bake\Shell\Task\ModelTask->findBelongsTo(Object(App\Model\Table\TecnicaResponsablesTable), Array)
#5 C:\wamp64\www\generaps\Vendor\cakephp\bake\src\Shell\Task\ModelTask.php(130): Bake\Shell\Task\ModelTask->getAssociations(Object(App\Model\Table\TecnicaResponsablesTable))
#6 C:\wamp64\www\generaps\Vendor\cakephp\bake\src\Shell\Task\ModelTask.php(113): Bake\Shell\Task\ModelTask->getTableContext(Object(App\Model\Table\TecnicaResponsablesTable), 'tecnicaresponsa...', 'Tecnicaresponsa...')
#7 C:\wamp64\www\generaps\Vendor\cakephp\bake\src\Shell\Task\ModelTask.php(100): Bake\Shell\Task\ModelTask->bake('Tecnicaresponsa...')
#8 C:\wamp64\www\generaps\Vendor\cakephp\bake\src\Shell\BakeShell.php(272): Bake\Shell\Task\ModelTask->main('Tecnicaresponsa...')
#9 C:\wamp64\www\generaps\Vendor\cakephp\cakephp\src\Collection\CollectionTrait.php(51): Bake\Shell\BakeShell->Bake\Shell\{closure}('Tecnicaresponsa...', 0)
#10 C:\wamp64\www\generaps\Vendor\cakephp\bake\src\Shell\BakeShell.php(273): Cake\Collection\Collection->each(Object(Closure))
#11 C:\wamp64\www\generaps\Vendor\cakephp\cakephp\src\Console\Shell.php(493): Bake\Shell\BakeShell->all('tecnicaresponsa...')
#12 C:\wamp64\www\generaps\Vendor\cakephp\cakephp\src\Console\CommandRunner.php(141): Cake\Console\Shell->runCommand(Array, true)
#13 C:\wamp64\www\generaps\bin\cake.php(12): Cake\Console\CommandRunner->run(Array)
#14 {main}


2018-03-22 18:24:05 Error: [Cake\Database\Exception] SQLSTATE[42S02]: Base table or view not found: 1146 Table 'barracuda.tecnica_responsables' doesn't exist in C:\wamp64\www\generaps\Vendor\cakephp\cakephp\src\Database\Schema\Collection.php on line 131
Stack Trace:
#0 C:\wamp64\www\generaps\Vendor\cakephp\cakephp\src\Database\Schema\Collection.php(97): Cake\Database\Schema\Collection->_reflect('Column', 'tecnica_respons...', Array, Object(Cake\Database\Schema\TableSchema))
#1 C:\wamp64\www\generaps\Vendor\cakephp\cakephp\src\Database\Schema\CachedCollection.php(63): Cake\Database\Schema\Collection->describe('tecnica_respons...', Array)
#2 C:\wamp64\www\generaps\Vendor\cakephp\cakephp\src\ORM\Table.php(532): Cake\Database\Schema\CachedCollection->describe('tecnica_respons...')
#3 C:\wamp64\www\generaps\Vendor\cakephp\bake\src\Shell\Task\ModelTask.php(324): Cake\ORM\Table->getSchema()
#4 C:\wamp64\www\generaps\Vendor\cakephp\bake\src\Shell\Task\ModelTask.php(221): Bake\Shell\Task\ModelTask->findBelongsTo(Object(App\Model\Table\TecnicaResponsablesTable), Array)
#5 C:\wamp64\www\generaps\Vendor\cakephp\bake\src\Shell\Task\ModelTask.php(130): Bake\Shell\Task\ModelTask->getAssociations(Object(App\Model\Table\TecnicaResponsablesTable))
#6 C:\wamp64\www\generaps\Vendor\cakephp\bake\src\Shell\Task\ModelTask.php(113): Bake\Shell\Task\ModelTask->getTableContext(Object(App\Model\Table\TecnicaResponsablesTable), 'tecnicaresponsa...', 'Tecnicaresponsa...')
#7 C:\wamp64\www\generaps\Vendor\cakephp\bake\src\Shell\Task\ModelTask.php(100): Bake\Shell\Task\ModelTask->bake('Tecnicaresponsa...')
#8 C:\wamp64\www\generaps\Vendor\cakephp\bake\src\Shell\BakeShell.php(272): Bake\Shell\Task\ModelTask->main('Tecnicaresponsa...')
#9 C:\wamp64\www\generaps\Vendor\cakephp\cakephp\src\Collection\CollectionTrait.php(51): Bake\Shell\BakeShell->Bake\Shell\{closure}('Tecnicaresponsa...', 0)
#10 C:\wamp64\www\generaps\Vendor\cakephp\bake\src\Shell\BakeShell.php(273): Cake\Collection\Collection->each(Object(Closure))
#11 C:\wamp64\www\generaps\Vendor\cakephp\cakephp\src\Console\Shell.php(493): Bake\Shell\BakeShell->all('tecnicaresponsa...')
#12 C:\wamp64\www\generaps\Vendor\cakephp\cakephp\src\Console\CommandRunner.php(141): Cake\Console\Shell->runCommand(Array, true)
#13 C:\wamp64\www\generaps\bin\cake.php(12): Cake\Console\CommandRunner->run(Array)
#14 {main}


2018-03-22 18:25:35 Error: [RuntimeException] Acl\Model\Table\PermissionsTable association "Aros" of type "manyToOne" to "App\Model\Table\ArosTable" doesn't match the expected class "Acl\Model\Table\ArosTable". You can't have an association of the same name with a different target "className" option anywhere in your app. in C:\wamp64\www\generaps\Vendor\cakephp\cakephp\src\ORM\Association.php on line 423
Stack Trace:
#0 C:\wamp64\www\generaps\Vendor\cakephp\cakephp\src\ORM\Association.php(452): Cake\ORM\Association->getTarget()
#1 C:\wamp64\www\generaps\Vendor\cakephp\acl\src\Model\Table\PermissionsTable.php(45): Cake\ORM\Association->target()
#2 C:\wamp64\www\generaps\Vendor\cakephp\cakephp\src\ORM\Table.php(291): Acl\Model\Table\PermissionsTable->initialize(Array)
#3 C:\wamp64\www\generaps\Vendor\cakephp\cakephp\src\ORM\Locator\TableLocator.php(249): Cake\ORM\Table->__construct(Array)
#4 C:\wamp64\www\generaps\Vendor\cakephp\cakephp\src\ORM\Locator\TableLocator.php(216): Cake\ORM\Locator\TableLocator->_create(Array)
#5 C:\wamp64\www\generaps\Vendor\cakephp\cakephp\src\ORM\TableRegistry.php(132): Cake\ORM\Locator\TableLocator->get('Permissions', Array)
#6 C:\wamp64\www\generaps\Vendor\cakephp\acl\src\Adapter\DbAcl.php(52): Cake\ORM\TableRegistry::get('Permissions', Array)
#7 C:\wamp64\www\generaps\Vendor\cakephp\acl\src\Controller\Component\AclComponent.php(95): Acl\Adapter\DbAcl->__construct()
#8 C:\wamp64\www\generaps\Vendor\cakephp\acl\src\Controller\Component\AclComponent.php(76): Acl\Controller\Component\AclComponent->adapter('Acl\\Adapter\\DbA...')
#9 C:\wamp64\www\generaps\Vendor\cakephp\cakephp\src\Controller\ComponentRegistry.php(119): Acl\Controller\Component\AclComponent->__construct(Object(Cake\Controller\ComponentRegistry), Array)
#10 C:\wamp64\www\generaps\Vendor\cakephp\cakephp\src\Core\ObjectRegistry.php(96): Cake\Controller\ComponentRegistry->_create('Acl\\Controller\\...', 'Acl', Array)
#11 C:\wamp64\www\generaps\Vendor\cakephp\cakephp\src\Controller\Controller.php(324): Cake\Core\ObjectRegistry->load('Acl.Acl', Array)
#12 C:\wamp64\www\generaps\Vendor\cakephp\cakephp\src\Controller\Controller.php(486): Cake\Controller\Controller->loadComponent('Acl', Array)
#13 C:\wamp64\www\generaps\Vendor\cakephp\cakephp\src\Controller\Controller.php(266): Cake\Controller\Controller->_loadComponents()
#14 C:\wamp64\www\generaps\Vendor\cakephp\bake\src\Shell\Task\TestTask.php(325): Cake\Controller\Controller->__construct(Object(Cake\Http\ServerRequest), Object(Cake\Http\Response))
#15 C:\wamp64\www\generaps\Vendor\cakephp\bake\src\Shell\Task\TestTask.php(230): Bake\Shell\Task\TestTask->buildTestSubject('Controller', 'App\\Controller\\...')
#16 C:\wamp64\www\generaps\Vendor\cakephp\bake\src\Shell\Task\ControllerTask.php(214): Bake\Shell\Task\TestTask->bake('Controller', 'Tecnicaresponsa...')
#17 C:\wamp64\www\generaps\Vendor\cakephp\bake\src\Shell\Task\ControllerTask.php(163): Bake\Shell\Task\ControllerTask->bakeTest('Tecnicaresponsa...')
#18 C:\wamp64\www\generaps\Vendor\cakephp\bake\src\Shell\Task\ControllerTask.php(69): Bake\Shell\Task\ControllerTask->bake('Tecnicaresponsa...')
#19 C:\wamp64\www\generaps\Vendor\cakephp\bake\src\Shell\BakeShell.php(272): Bake\Shell\Task\ControllerTask->main('Tecnicaresponsa...')
#20 C:\wamp64\www\generaps\Vendor\cakephp\cakephp\src\Collection\CollectionTrait.php(51): Bake\Shell\BakeShell->Bake\Shell\{closure}('Tecnicaresponsa...', 0)
#21 C:\wamp64\www\generaps\Vendor\cakephp\bake\src\Shell\BakeShell.php(273): Cake\Collection\Collection->each(Object(Closure))
#22 C:\wamp64\www\generaps\Vendor\cakephp\cakephp\src\Console\Shell.php(493): Bake\Shell\BakeShell->all('tecnicaresponsa...')
#23 C:\wamp64\www\generaps\Vendor\cakephp\cakephp\src\Console\CommandRunner.php(141): Cake\Console\Shell->runCommand(Array, true)
#24 C:\wamp64\www\generaps\bin\cake.php(12): Cake\Console\CommandRunner->run(Array)
#25 {main}


