2018-03-22 18:15:07 Notice: Notice (8): Undefined index: Responsables in [C:\wamp64\www\generaps\Vendor\cakephp\bake\src\View\Helper\DocBlockHelper.php, line 238]
Trace:
Cake\Error\BaseErrorHandler::handleError() - ROOT\Vendor\cakephp\cakephp\src\Error\BaseErrorHandler.php, line 153
Bake\View\Helper\DocBlockHelper::buildTableAnnotations() - ROOT\Vendor\cakephp\bake\src\View\Helper\DocBlockHelper.php, line 238
Twig_Template::getAttribute() - ROOT\Vendor\twig\twig\lib\Twig\Template.php, line 679
__TwigTemplate_87bf8da11f76c415b0dc7fbfee4296db76c75f6b585e6579e94f452372655bef::doDisplay() - ROOT\tmp\cache\twigView\e7\e73e309046671cf8a712003dce49424a7b9f90fb99989d391d4284508687a7f5.php, line 22
Twig_Template::displayWithErrorHandling() - ROOT\Vendor\twig\twig\lib\Twig\Template.php, line 432
Twig_Template::display() - ROOT\Vendor\twig\twig\lib\Twig\Template.php, line 403
Twig_Template::render() - ROOT\Vendor\twig\twig\lib\Twig\Template.php, line 411
WyriHaximus\TwigView\View\TwigView::_render() - ROOT\Vendor\wyrihaximus\twig-view\src\View\TwigView.php, line 180
Bake\View\BakeView::render() - ROOT\Vendor\cakephp\bake\src\View\BakeView.php, line 146
Bake\Shell\Task\BakeTemplateTask::generate() - ROOT\Vendor\cakephp\bake\src\Shell\Task\BakeTemplateTask.php, line 89
Bake\Shell\Task\ModelTask::bakeTable() - ROOT\Vendor\cakephp\bake\src\Shell\Task\ModelTask.php, line 956
Bake\Shell\Task\ModelTask::bake() - ROOT\Vendor\cakephp\bake\src\Shell\Task\ModelTask.php, line 114
Bake\Shell\Task\ModelTask::main() - ROOT\Vendor\cakephp\bake\src\Shell\Task\ModelTask.php, line 100
Bake\Shell\BakeShell::Bake\Shell\{closure}() - ROOT\Vendor\cakephp\bake\src\Shell\BakeShell.php, line 272
Cake\Collection\Collection::each() - ROOT\Vendor\cakephp\cakephp\src\Collection\CollectionTrait.php, line 51
Bake\Shell\BakeShell::all() - ROOT\Vendor\cakephp\bake\src\Shell\BakeShell.php, line 273
Cake\Console\Shell::runCommand() - ROOT\Vendor\cakephp\cakephp\src\Console\Shell.php, line 493
Cake\Console\CommandRunner::run() - ROOT\Vendor\cakephp\cakephp\src\Console\CommandRunner.php, line 141
[main] - ROOT\bin\cake.php, line 12



