2018-03-20 11:36:50 Error: [Cake\Controller\Exception\MissingActionException] Action UsersController::login() could not be found, or is not accessible.
Exception Attributes: array (
  'controller' => 'UsersController',
  'action' => 'login',
  'prefix' => '',
  'plugin' => false,
)
Request URL: /users/login
Stack Trace:
#0 C:\wamp64\www\newapp\vendor\cakephp\cakephp\src\Http\ActionDispatcher.php(119): Cake\Controller\Controller->invokeAction()
#1 C:\wamp64\www\newapp\vendor\cakephp\cakephp\src\Http\ActionDispatcher.php(93): Cake\Http\ActionDispatcher->_invoke(Object(App\Controller\UsersController))
#2 C:\wamp64\www\newapp\vendor\cakephp\cakephp\src\Http\BaseApplication.php(108): Cake\Http\ActionDispatcher->dispatch(Object(Cake\Http\ServerRequest), Object(Cake\Http\Response))
#3 C:\wamp64\www\newapp\vendor\cakephp\cakephp\src\Http\Runner.php(65): Cake\Http\BaseApplication->__invoke(Object(Cake\Http\ServerRequest), Object(Cake\Http\Response), Object(Cake\Http\Runner))
#4 C:\wamp64\www\newapp\vendor\cakephp\cakephp\src\Routing\Middleware\RoutingMiddleware.php(104): Cake\Http\Runner->__invoke(Object(Cake\Http\ServerRequest), Object(Cake\Http\Response))
#5 C:\wamp64\www\newapp\vendor\cakephp\cakephp\src\Http\Runner.php(65): Cake\Routing\Middleware\RoutingMiddleware->__invoke(Object(Cake\Http\ServerRequest), Object(Cake\Http\Response), Object(Cake\Http\Runner))
#6 C:\wamp64\www\newapp\vendor\cakephp\cakephp\src\Routing\Middleware\AssetMiddleware.php(88): Cake\Http\Runner->__invoke(Object(Cake\Http\ServerRequest), Object(Cake\Http\Response))
#7 C:\wamp64\www\newapp\vendor\cakephp\cakephp\src\Http\Runner.php(65): Cake\Routing\Middleware\AssetMiddleware->__invoke(Object(Cake\Http\ServerRequest), Object(Cake\Http\Response), Object(Cake\Http\Runner))
#8 C:\wamp64\www\newapp\vendor\cakephp\cakephp\src\Error\Middleware\ErrorHandlerMiddleware.php(98): Cake\Http\Runner->__invoke(Object(Cake\Http\ServerRequest), Object(Cake\Http\Response))
#9 C:\wamp64\www\newapp\vendor\cakephp\cakephp\src\Http\Runner.php(65): Cake\Error\Middleware\ErrorHandlerMiddleware->__invoke(Object(Cake\Http\ServerRequest), Object(Cake\Http\Response), Object(Cake\Http\Runner))
#10 C:\wamp64\www\newapp\vendor\cakephp\debug_kit\src\Middleware\DebugKitMiddleware.php(52): Cake\Http\Runner->__invoke(Object(Cake\Http\ServerRequest), Object(Cake\Http\Response))
#11 C:\wamp64\www\newapp\vendor\cakephp\cakephp\src\Http\Runner.php(65): DebugKit\Middleware\DebugKitMiddleware->__invoke(Object(Cake\Http\ServerRequest), Object(Cake\Http\Response), Object(Cake\Http\Runner))
#12 C:\wamp64\www\newapp\vendor\cakephp\cakephp\src\Http\Runner.php(51): Cake\Http\Runner->__invoke(Object(Cake\Http\ServerRequest), Object(Cake\Http\Response))
#13 C:\wamp64\www\newapp\vendor\cakephp\cakephp\src\Http\Server.php(81): Cake\Http\Runner->run(Object(Cake\Http\MiddlewareQueue), Object(Cake\Http\ServerRequest), Object(Cake\Http\Response))
#14 C:\wamp64\www\newapp\webroot\index.php(40): Cake\Http\Server->run()
#15 {main}


2018-03-20 11:40:45 Error: [Cake\Routing\Exception\MissingControllerException] Controller class Css could not be found.
Exception Attributes: array (
  'class' => 'Css',
  'plugin' => false,
  'prefix' => false,
  '_ext' => false,
)
Request URL: /css/bootstrap.css
Referer URL: http://local.newapp.com:8090/users/login
Stack Trace:
#0 C:\wamp64\www\newapp\vendor\cakephp\cakephp\src\Http\ControllerFactory.php(38): Cake\Http\ControllerFactory->missingController(Object(Cake\Http\ServerRequest))
#1 C:\wamp64\www\newapp\vendor\cakephp\cakephp\src\Http\ActionDispatcher.php(90): Cake\Http\ControllerFactory->create(Object(Cake\Http\ServerRequest), Object(Cake\Http\Response))
#2 C:\wamp64\www\newapp\vendor\cakephp\cakephp\src\Http\BaseApplication.php(108): Cake\Http\ActionDispatcher->dispatch(Object(Cake\Http\ServerRequest), Object(Cake\Http\Response))
#3 C:\wamp64\www\newapp\vendor\cakephp\cakephp\src\Http\Runner.php(65): Cake\Http\BaseApplication->__invoke(Object(Cake\Http\ServerRequest), Object(Cake\Http\Response), Object(Cake\Http\Runner))
#4 C:\wamp64\www\newapp\vendor\cakephp\cakephp\src\Routing\Middleware\RoutingMiddleware.php(104): Cake\Http\Runner->__invoke(Object(Cake\Http\ServerRequest), Object(Cake\Http\Response))
#5 C:\wamp64\www\newapp\vendor\cakephp\cakephp\src\Http\Runner.php(65): Cake\Routing\Middleware\RoutingMiddleware->__invoke(Object(Cake\Http\ServerRequest), Object(Cake\Http\Response), Object(Cake\Http\Runner))
#6 C:\wamp64\www\newapp\vendor\cakephp\cakephp\src\Routing\Middleware\AssetMiddleware.php(97): Cake\Http\Runner->__invoke(Object(Cake\Http\ServerRequest), Object(Cake\Http\Response))
#7 C:\wamp64\www\newapp\vendor\cakephp\cakephp\src\Http\Runner.php(65): Cake\Routing\Middleware\AssetMiddleware->__invoke(Object(Cake\Http\ServerRequest), Object(Cake\Http\Response), Object(Cake\Http\Runner))
#8 C:\wamp64\www\newapp\vendor\cakephp\cakephp\src\Error\Middleware\ErrorHandlerMiddleware.php(98): Cake\Http\Runner->__invoke(Object(Cake\Http\ServerRequest), Object(Cake\Http\Response))
#9 C:\wamp64\www\newapp\vendor\cakephp\cakephp\src\Http\Runner.php(65): Cake\Error\Middleware\ErrorHandlerMiddleware->__invoke(Object(Cake\Http\ServerRequest), Object(Cake\Http\Response), Object(Cake\Http\Runner))
#10 C:\wamp64\www\newapp\vendor\cakephp\debug_kit\src\Middleware\DebugKitMiddleware.php(52): Cake\Http\Runner->__invoke(Object(Cake\Http\ServerRequest), Object(Cake\Http\Response))
#11 C:\wamp64\www\newapp\vendor\cakephp\cakephp\src\Http\Runner.php(65): DebugKit\Middleware\DebugKitMiddleware->__invoke(Object(Cake\Http\ServerRequest), Object(Cake\Http\Response), Object(Cake\Http\Runner))
#12 C:\wamp64\www\newapp\vendor\cakephp\cakephp\src\Http\Runner.php(51): Cake\Http\Runner->__invoke(Object(Cake\Http\ServerRequest), Object(Cake\Http\Response))
#13 C:\wamp64\www\newapp\vendor\cakephp\cakephp\src\Http\Server.php(81): Cake\Http\Runner->run(Object(Cake\Http\MiddlewareQueue), Object(Cake\Http\ServerRequest), Object(Cake\Http\Response))
#14 C:\wamp64\www\newapp\webroot\index.php(40): Cake\Http\Server->run()
#15 {main}


2018-03-20 11:40:45 Error: [Cake\Routing\Exception\MissingControllerException] Controller class Css could not be found.
Exception Attributes: array (
  'class' => 'Css',
  'plugin' => false,
  'prefix' => false,
  '_ext' => false,
)
Request URL: /css/custom.css
Referer URL: http://local.newapp.com:8090/users/login
Stack Trace:
#0 C:\wamp64\www\newapp\vendor\cakephp\cakephp\src\Http\ControllerFactory.php(38): Cake\Http\ControllerFactory->missingController(Object(Cake\Http\ServerRequest))
#1 C:\wamp64\www\newapp\vendor\cakephp\cakephp\src\Http\ActionDispatcher.php(90): Cake\Http\ControllerFactory->create(Object(Cake\Http\ServerRequest), Object(Cake\Http\Response))
#2 C:\wamp64\www\newapp\vendor\cakephp\cakephp\src\Http\BaseApplication.php(108): Cake\Http\ActionDispatcher->dispatch(Object(Cake\Http\ServerRequest), Object(Cake\Http\Response))
#3 C:\wamp64\www\newapp\vendor\cakephp\cakephp\src\Http\Runner.php(65): Cake\Http\BaseApplication->__invoke(Object(Cake\Http\ServerRequest), Object(Cake\Http\Response), Object(Cake\Http\Runner))
#4 C:\wamp64\www\newapp\vendor\cakephp\cakephp\src\Routing\Middleware\RoutingMiddleware.php(104): Cake\Http\Runner->__invoke(Object(Cake\Http\ServerRequest), Object(Cake\Http\Response))
#5 C:\wamp64\www\newapp\vendor\cakephp\cakephp\src\Http\Runner.php(65): Cake\Routing\Middleware\RoutingMiddleware->__invoke(Object(Cake\Http\ServerRequest), Object(Cake\Http\Response), Object(Cake\Http\Runner))
#6 C:\wamp64\www\newapp\vendor\cakephp\cakephp\src\Routing\Middleware\AssetMiddleware.php(97): Cake\Http\Runner->__invoke(Object(Cake\Http\ServerRequest), Object(Cake\Http\Response))
#7 C:\wamp64\www\newapp\vendor\cakephp\cakephp\src\Http\Runner.php(65): Cake\Routing\Middleware\AssetMiddleware->__invoke(Object(Cake\Http\ServerRequest), Object(Cake\Http\Response), Object(Cake\Http\Runner))
#8 C:\wamp64\www\newapp\vendor\cakephp\cakephp\src\Error\Middleware\ErrorHandlerMiddleware.php(98): Cake\Http\Runner->__invoke(Object(Cake\Http\ServerRequest), Object(Cake\Http\Response))
#9 C:\wamp64\www\newapp\vendor\cakephp\cakephp\src\Http\Runner.php(65): Cake\Error\Middleware\ErrorHandlerMiddleware->__invoke(Object(Cake\Http\ServerRequest), Object(Cake\Http\Response), Object(Cake\Http\Runner))
#10 C:\wamp64\www\newapp\vendor\cakephp\debug_kit\src\Middleware\DebugKitMiddleware.php(52): Cake\Http\Runner->__invoke(Object(Cake\Http\ServerRequest), Object(Cake\Http\Response))
#11 C:\wamp64\www\newapp\vendor\cakephp\cakephp\src\Http\Runner.php(65): DebugKit\Middleware\DebugKitMiddleware->__invoke(Object(Cake\Http\ServerRequest), Object(Cake\Http\Response), Object(Cake\Http\Runner))
#12 C:\wamp64\www\newapp\vendor\cakephp\cakephp\src\Http\Runner.php(51): Cake\Http\Runner->__invoke(Object(Cake\Http\ServerRequest), Object(Cake\Http\Response))
#13 C:\wamp64\www\newapp\vendor\cakephp\cakephp\src\Http\Server.php(81): Cake\Http\Runner->run(Object(Cake\Http\MiddlewareQueue), Object(Cake\Http\ServerRequest), Object(Cake\Http\Response))
#14 C:\wamp64\www\newapp\webroot\index.php(40): Cake\Http\Server->run()
#15 {main}


2018-03-20 11:40:53 Error: [Cake\Routing\Exception\MissingControllerException] Controller class Posts could not be found.
Exception Attributes: array (
  'class' => 'Posts',
  'plugin' => false,
  'prefix' => false,
  '_ext' => false,
)
Request URL: /posts
Referer URL: http://local.newapp.com:8090/users/login
Stack Trace:
#0 C:\wamp64\www\newapp\vendor\cakephp\cakephp\src\Http\ControllerFactory.php(38): Cake\Http\ControllerFactory->missingController(Object(Cake\Http\ServerRequest))
#1 C:\wamp64\www\newapp\vendor\cakephp\cakephp\src\Http\ActionDispatcher.php(90): Cake\Http\ControllerFactory->create(Object(Cake\Http\ServerRequest), Object(Cake\Http\Response))
#2 C:\wamp64\www\newapp\vendor\cakephp\cakephp\src\Http\BaseApplication.php(108): Cake\Http\ActionDispatcher->dispatch(Object(Cake\Http\ServerRequest), Object(Cake\Http\Response))
#3 C:\wamp64\www\newapp\vendor\cakephp\cakephp\src\Http\Runner.php(65): Cake\Http\BaseApplication->__invoke(Object(Cake\Http\ServerRequest), Object(Cake\Http\Response), Object(Cake\Http\Runner))
#4 C:\wamp64\www\newapp\vendor\cakephp\cakephp\src\Routing\Middleware\RoutingMiddleware.php(104): Cake\Http\Runner->__invoke(Object(Cake\Http\ServerRequest), Object(Cake\Http\Response))
#5 C:\wamp64\www\newapp\vendor\cakephp\cakephp\src\Http\Runner.php(65): Cake\Routing\Middleware\RoutingMiddleware->__invoke(Object(Cake\Http\ServerRequest), Object(Cake\Http\Response), Object(Cake\Http\Runner))
#6 C:\wamp64\www\newapp\vendor\cakephp\cakephp\src\Routing\Middleware\AssetMiddleware.php(88): Cake\Http\Runner->__invoke(Object(Cake\Http\ServerRequest), Object(Cake\Http\Response))
#7 C:\wamp64\www\newapp\vendor\cakephp\cakephp\src\Http\Runner.php(65): Cake\Routing\Middleware\AssetMiddleware->__invoke(Object(Cake\Http\ServerRequest), Object(Cake\Http\Response), Object(Cake\Http\Runner))
#8 C:\wamp64\www\newapp\vendor\cakephp\cakephp\src\Error\Middleware\ErrorHandlerMiddleware.php(98): Cake\Http\Runner->__invoke(Object(Cake\Http\ServerRequest), Object(Cake\Http\Response))
#9 C:\wamp64\www\newapp\vendor\cakephp\cakephp\src\Http\Runner.php(65): Cake\Error\Middleware\ErrorHandlerMiddleware->__invoke(Object(Cake\Http\ServerRequest), Object(Cake\Http\Response), Object(Cake\Http\Runner))
#10 C:\wamp64\www\newapp\vendor\cakephp\debug_kit\src\Middleware\DebugKitMiddleware.php(52): Cake\Http\Runner->__invoke(Object(Cake\Http\ServerRequest), Object(Cake\Http\Response))
#11 C:\wamp64\www\newapp\vendor\cakephp\cakephp\src\Http\Runner.php(65): DebugKit\Middleware\DebugKitMiddleware->__invoke(Object(Cake\Http\ServerRequest), Object(Cake\Http\Response), Object(Cake\Http\Runner))
#12 C:\wamp64\www\newapp\vendor\cakephp\cakephp\src\Http\Runner.php(51): Cake\Http\Runner->__invoke(Object(Cake\Http\ServerRequest), Object(Cake\Http\Response))
#13 C:\wamp64\www\newapp\vendor\cakephp\cakephp\src\Http\Server.php(81): Cake\Http\Runner->run(Object(Cake\Http\MiddlewareQueue), Object(Cake\Http\ServerRequest), Object(Cake\Http\Response))
#14 C:\wamp64\www\newapp\webroot\index.php(40): Cake\Http\Server->run()
#15 {main}


2018-03-20 12:21:14 Error: [Cake\Core\Exception\MissingPluginException] Plugin AdminLTE could not be found. in C:\wamp64\www\newapp\vendor\cakephp\cakephp\src\Core\Plugin.php on line 149
Exception Attributes: array (
  'plugin' => 'AdminLTE',
)
Stack Trace:
#0 C:\wamp64\www\newapp\config\bootstrap.php(225): Cake\Core\Plugin::load('AdminLTE', Array)
#1 C:\wamp64\www\newapp\vendor\cakephp\cakephp\src\Http\BaseApplication.php(60): require_once('C:\\wamp64\\www\\n...')
#2 C:\wamp64\www\newapp\vendor\cakephp\cakephp\src\Http\Server.php(71): Cake\Http\BaseApplication->bootstrap()
#3 C:\wamp64\www\newapp\webroot\index.php(40): Cake\Http\Server->run()
#4 {main}


2018-03-20 12:32:23 Warning: Warning (2): include(C:\wamp64\www\newapp\plugins\AdminLTE\config\bootstrap.php): failed to open stream: No such file or directory in [C:\wamp64\www\newapp\vendor\cakephp\cakephp\src\Core\Plugin.php, line 403]
Trace:
Cake\Error\BaseErrorHandler::handleError() - CORE\src\Error\BaseErrorHandler.php, line 153
include - CORE\src\Core\Plugin.php, line 403
Cake\Core\Plugin::_includeFile() - CORE\src\Core\Plugin.php, line 403
Cake\Core\Plugin::bootstrap() - CORE\src\Core\Plugin.php, line 321
Cake\Core\Plugin::load() - CORE\src\Core\Plugin.php, line 175
require_once - ROOT\config\bootstrap.php, line 225
Cake\Http\BaseApplication::bootstrap() - CORE\src\Http\BaseApplication.php, line 60
Cake\Http\Server::run() - CORE\src\Http\Server.php, line 71
[main] - ROOT\webroot\index.php, line 40



2018-03-20 12:32:23 Warning: Warning (2): include() [<a href='https://secure.php.net/function.include'>function.include</a>]: Failed opening 'C:\wamp64\www\newapp\plugins\AdminLTE\config\bootstrap.php' for inclusion (include_path='.;C:\php\pear') in [C:\wamp64\www\newapp\vendor\cakephp\cakephp\src\Core\Plugin.php, line 403]
Trace:
Cake\Error\BaseErrorHandler::handleError() - CORE\src\Error\BaseErrorHandler.php, line 153
include - CORE\src\Core\Plugin.php, line 403
Cake\Core\Plugin::_includeFile() - CORE\src\Core\Plugin.php, line 403
Cake\Core\Plugin::bootstrap() - CORE\src\Core\Plugin.php, line 321
Cake\Core\Plugin::load() - CORE\src\Core\Plugin.php, line 175
require_once - ROOT\config\bootstrap.php, line 225
Cake\Http\BaseApplication::bootstrap() - CORE\src\Http\BaseApplication.php, line 60
Cake\Http\Server::run() - CORE\src\Http\Server.php, line 71
[main] - ROOT\webroot\index.php, line 40



2018-03-20 12:32:23 Warning: Warning (2): include(C:\wamp64\www\newapp\plugins\AdminLTE\config\routes.php) [<a href='https://secure.php.net/function.include'>function.include</a>]: failed to open stream: No such file or directory in [C:\wamp64\www\newapp\vendor\cakephp\cakephp\src\Core\Plugin.php, line 403]
Trace:
Cake\Error\BaseErrorHandler::handleError() - CORE\src\Error\BaseErrorHandler.php, line 153
include - CORE\src\Core\Plugin.php, line 403
Cake\Core\Plugin::_includeFile() - CORE\src\Core\Plugin.php, line 403
Cake\Core\Plugin::routes() - CORE\src\Core\Plugin.php, line 352
Cake\Core\Plugin::routes() - CORE\src\Core\Plugin.php, line 340
require - ROOT\config\routes.php, line 82
Cake\Http\BaseApplication::routes() - CORE\src\Http\BaseApplication.php, line 74
Cake\Routing\Middleware\RoutingMiddleware::loadRoutes() - CORE\src\Routing\Middleware\RoutingMiddleware.php, line 61
Cake\Routing\Middleware\RoutingMiddleware::__invoke() - CORE\src\Routing\Middleware\RoutingMiddleware.php, line 78
Cake\Http\Runner::__invoke() - CORE\src\Http\Runner.php, line 65
Cake\Routing\Middleware\AssetMiddleware::__invoke() - CORE\src\Routing\Middleware\AssetMiddleware.php, line 88
Cake\Http\Runner::__invoke() - CORE\src\Http\Runner.php, line 65
Cake\Error\Middleware\ErrorHandlerMiddleware::__invoke() - CORE\src\Error\Middleware\ErrorHandlerMiddleware.php, line 98
Cake\Http\Runner::__invoke() - CORE\src\Http\Runner.php, line 65
DebugKit\Middleware\DebugKitMiddleware::__invoke() - ROOT\vendor\cakephp\debug_kit\src\Middleware\DebugKitMiddleware.php, line 52
Cake\Http\Runner::__invoke() - CORE\src\Http\Runner.php, line 65
Cake\Http\Runner::run() - CORE\src\Http\Runner.php, line 51
Cake\Http\Server::run() - CORE\src\Http\Server.php, line 81
[main] - ROOT\webroot\index.php, line 40



2018-03-20 12:32:23 Warning: Warning (2): include() [<a href='https://secure.php.net/function.include'>function.include</a>]: Failed opening 'C:\wamp64\www\newapp\plugins\AdminLTE\config\routes.php' for inclusion (include_path='.;C:\php\pear') in [C:\wamp64\www\newapp\vendor\cakephp\cakephp\src\Core\Plugin.php, line 403]
Trace:
Cake\Error\BaseErrorHandler::handleError() - CORE\src\Error\BaseErrorHandler.php, line 153
include - CORE\src\Core\Plugin.php, line 403
Cake\Core\Plugin::_includeFile() - CORE\src\Core\Plugin.php, line 403
Cake\Core\Plugin::routes() - CORE\src\Core\Plugin.php, line 352
Cake\Core\Plugin::routes() - CORE\src\Core\Plugin.php, line 340
require - ROOT\config\routes.php, line 82
Cake\Http\BaseApplication::routes() - CORE\src\Http\BaseApplication.php, line 74
Cake\Routing\Middleware\RoutingMiddleware::loadRoutes() - CORE\src\Routing\Middleware\RoutingMiddleware.php, line 61
Cake\Routing\Middleware\RoutingMiddleware::__invoke() - CORE\src\Routing\Middleware\RoutingMiddleware.php, line 78
Cake\Http\Runner::__invoke() - CORE\src\Http\Runner.php, line 65
Cake\Routing\Middleware\AssetMiddleware::__invoke() - CORE\src\Routing\Middleware\AssetMiddleware.php, line 88
Cake\Http\Runner::__invoke() - CORE\src\Http\Runner.php, line 65
Cake\Error\Middleware\ErrorHandlerMiddleware::__invoke() - CORE\src\Error\Middleware\ErrorHandlerMiddleware.php, line 98
Cake\Http\Runner::__invoke() - CORE\src\Http\Runner.php, line 65
DebugKit\Middleware\DebugKitMiddleware::__invoke() - ROOT\vendor\cakephp\debug_kit\src\Middleware\DebugKitMiddleware.php, line 52
Cake\Http\Runner::__invoke() - CORE\src\Http\Runner.php, line 65
Cake\Http\Runner::run() - CORE\src\Http\Runner.php, line 51
Cake\Http\Server::run() - CORE\src\Http\Server.php, line 81
[main] - ROOT\webroot\index.php, line 40



2018-03-20 12:32:23 Warning: Warning (512): Unable to emit headers. Headers sent in file=C:\wamp64\www\newapp\vendor\cakephp\cakephp\src\Error\Debugger.php line=850 in [C:\wamp64\www\newapp\vendor\cakephp\cakephp\src\Http\ResponseEmitter.php, line 48]
Request URL: /admin/AclManager/permissions/Groups
Referer URL: http://local.newapp.com:8090/admin/AclManager/permissions/Groups
Trace:
Cake\Error\BaseErrorHandler::handleError() - CORE\src\Error\BaseErrorHandler.php, line 153
Cake\Http\ResponseEmitter::emit() - CORE\src\Http\ResponseEmitter.php, line 48
Cake\Http\Server::emit() - CORE\src\Http\Server.php, line 106
[main] - ROOT\webroot\index.php, line 40



2018-03-20 12:32:23 Warning: Warning (2): Cannot modify header information - headers already sent by (output started at C:\wamp64\www\newapp\vendor\cakephp\cakephp\src\Error\Debugger.php:850) in [C:\wamp64\www\newapp\vendor\cakephp\cakephp\src\Http\ResponseEmitter.php, line 148]
Request URL: /admin/AclManager/permissions/Groups
Referer URL: http://local.newapp.com:8090/admin/AclManager/permissions/Groups
Trace:
Cake\Error\BaseErrorHandler::handleError() - CORE\src\Error\BaseErrorHandler.php, line 153
header - [internal], line ??
Cake\Http\ResponseEmitter::emitStatusLine() - CORE\src\Http\ResponseEmitter.php, line 148
Cake\Http\ResponseEmitter::emit() - CORE\src\Http\ResponseEmitter.php, line 54
Cake\Http\Server::emit() - CORE\src\Http\Server.php, line 106
[main] - ROOT\webroot\index.php, line 40



2018-03-20 12:32:23 Warning: Warning (2): Cannot modify header information - headers already sent by (output started at C:\wamp64\www\newapp\vendor\cakephp\cakephp\src\Error\Debugger.php:850) in [C:\wamp64\www\newapp\vendor\cakephp\cakephp\src\Http\ResponseEmitter.php, line 181]
Request URL: /admin/AclManager/permissions/Groups
Referer URL: http://local.newapp.com:8090/admin/AclManager/permissions/Groups
Trace:
Cake\Error\BaseErrorHandler::handleError() - CORE\src\Error\BaseErrorHandler.php, line 153
header - [internal], line ??
Cake\Http\ResponseEmitter::emitHeaders() - CORE\src\Http\ResponseEmitter.php, line 181
Cake\Http\ResponseEmitter::emit() - CORE\src\Http\ResponseEmitter.php, line 55
Cake\Http\Server::emit() - CORE\src\Http\Server.php, line 106
[main] - ROOT\webroot\index.php, line 40



2018-03-20 12:32:23 Warning: Warning (2): Cannot modify header information - headers already sent by (output started at C:\wamp64\www\newapp\vendor\cakephp\cakephp\src\Error\Debugger.php:850) in [C:\wamp64\www\newapp\vendor\cakephp\cakephp\src\Http\ResponseEmitter.php, line 181]
Request URL: /admin/AclManager/permissions/Groups
Referer URL: http://local.newapp.com:8090/admin/AclManager/permissions/Groups
Trace:
Cake\Error\BaseErrorHandler::handleError() - CORE\src\Error\BaseErrorHandler.php, line 153
header - [internal], line ??
Cake\Http\ResponseEmitter::emitHeaders() - CORE\src\Http\ResponseEmitter.php, line 181
Cake\Http\ResponseEmitter::emit() - CORE\src\Http\ResponseEmitter.php, line 55
Cake\Http\Server::emit() - CORE\src\Http\Server.php, line 106
[main] - ROOT\webroot\index.php, line 40



2018-03-20 12:32:23 Warning: Warning (2): Cannot modify header information - headers already sent by (output started at C:\wamp64\www\newapp\vendor\cakephp\cakephp\src\Error\Debugger.php:850) in [C:\wamp64\www\newapp\vendor\cakephp\cakephp\src\Http\ResponseEmitter.php, line 181]
Request URL: /admin/AclManager/permissions/Groups
Referer URL: http://local.newapp.com:8090/admin/AclManager/permissions/Groups
Trace:
Cake\Error\BaseErrorHandler::handleError() - CORE\src\Error\BaseErrorHandler.php, line 153
header - [internal], line ??
Cake\Http\ResponseEmitter::emitHeaders() - CORE\src\Http\ResponseEmitter.php, line 181
Cake\Http\ResponseEmitter::emit() - CORE\src\Http\ResponseEmitter.php, line 55
Cake\Http\Server::emit() - CORE\src\Http\Server.php, line 106
[main] - ROOT\webroot\index.php, line 40



2018-03-20 12:33:11 Warning: Warning (2): include(C:\wamp64\www\newapp\plugins\adminlte\config\bootstrap.php): failed to open stream: No such file or directory in [C:\wamp64\www\newapp\vendor\cakephp\cakephp\src\Core\Plugin.php, line 403]
Trace:
Cake\Error\BaseErrorHandler::handleError() - CORE\src\Error\BaseErrorHandler.php, line 153
include - CORE\src\Core\Plugin.php, line 403
Cake\Core\Plugin::_includeFile() - CORE\src\Core\Plugin.php, line 403
Cake\Core\Plugin::bootstrap() - CORE\src\Core\Plugin.php, line 321
Cake\Core\Plugin::load() - CORE\src\Core\Plugin.php, line 175
require_once - ROOT\config\bootstrap.php, line 225
Cake\Http\BaseApplication::bootstrap() - CORE\src\Http\BaseApplication.php, line 60
Cake\Http\Server::run() - CORE\src\Http\Server.php, line 71
[main] - ROOT\webroot\index.php, line 40



2018-03-20 12:33:11 Warning: Warning (2): include() [<a href='https://secure.php.net/function.include'>function.include</a>]: Failed opening 'C:\wamp64\www\newapp\plugins\adminlte\config\bootstrap.php' for inclusion (include_path='.;C:\php\pear') in [C:\wamp64\www\newapp\vendor\cakephp\cakephp\src\Core\Plugin.php, line 403]
Trace:
Cake\Error\BaseErrorHandler::handleError() - CORE\src\Error\BaseErrorHandler.php, line 153
include - CORE\src\Core\Plugin.php, line 403
Cake\Core\Plugin::_includeFile() - CORE\src\Core\Plugin.php, line 403
Cake\Core\Plugin::bootstrap() - CORE\src\Core\Plugin.php, line 321
Cake\Core\Plugin::load() - CORE\src\Core\Plugin.php, line 175
require_once - ROOT\config\bootstrap.php, line 225
Cake\Http\BaseApplication::bootstrap() - CORE\src\Http\BaseApplication.php, line 60
Cake\Http\Server::run() - CORE\src\Http\Server.php, line 71
[main] - ROOT\webroot\index.php, line 40



2018-03-20 12:33:11 Warning: Warning (2): include(C:\wamp64\www\newapp\plugins\adminlte\config\routes.php) [<a href='https://secure.php.net/function.include'>function.include</a>]: failed to open stream: No such file or directory in [C:\wamp64\www\newapp\vendor\cakephp\cakephp\src\Core\Plugin.php, line 403]
Trace:
Cake\Error\BaseErrorHandler::handleError() - CORE\src\Error\BaseErrorHandler.php, line 153
include - CORE\src\Core\Plugin.php, line 403
Cake\Core\Plugin::_includeFile() - CORE\src\Core\Plugin.php, line 403
Cake\Core\Plugin::routes() - CORE\src\Core\Plugin.php, line 352
Cake\Core\Plugin::routes() - CORE\src\Core\Plugin.php, line 340
require - ROOT\config\routes.php, line 82
Cake\Http\BaseApplication::routes() - CORE\src\Http\BaseApplication.php, line 74
Cake\Routing\Middleware\RoutingMiddleware::loadRoutes() - CORE\src\Routing\Middleware\RoutingMiddleware.php, line 61
Cake\Routing\Middleware\RoutingMiddleware::__invoke() - CORE\src\Routing\Middleware\RoutingMiddleware.php, line 78
Cake\Http\Runner::__invoke() - CORE\src\Http\Runner.php, line 65
Cake\Routing\Middleware\AssetMiddleware::__invoke() - CORE\src\Routing\Middleware\AssetMiddleware.php, line 88
Cake\Http\Runner::__invoke() - CORE\src\Http\Runner.php, line 65
Cake\Error\Middleware\ErrorHandlerMiddleware::__invoke() - CORE\src\Error\Middleware\ErrorHandlerMiddleware.php, line 98
Cake\Http\Runner::__invoke() - CORE\src\Http\Runner.php, line 65
DebugKit\Middleware\DebugKitMiddleware::__invoke() - ROOT\vendor\cakephp\debug_kit\src\Middleware\DebugKitMiddleware.php, line 52
Cake\Http\Runner::__invoke() - CORE\src\Http\Runner.php, line 65
Cake\Http\Runner::run() - CORE\src\Http\Runner.php, line 51
Cake\Http\Server::run() - CORE\src\Http\Server.php, line 81
[main] - ROOT\webroot\index.php, line 40



2018-03-20 12:33:11 Warning: Warning (2): include() [<a href='https://secure.php.net/function.include'>function.include</a>]: Failed opening 'C:\wamp64\www\newapp\plugins\adminlte\config\routes.php' for inclusion (include_path='.;C:\php\pear') in [C:\wamp64\www\newapp\vendor\cakephp\cakephp\src\Core\Plugin.php, line 403]
Trace:
Cake\Error\BaseErrorHandler::handleError() - CORE\src\Error\BaseErrorHandler.php, line 153
include - CORE\src\Core\Plugin.php, line 403
Cake\Core\Plugin::_includeFile() - CORE\src\Core\Plugin.php, line 403
Cake\Core\Plugin::routes() - CORE\src\Core\Plugin.php, line 352
Cake\Core\Plugin::routes() - CORE\src\Core\Plugin.php, line 340
require - ROOT\config\routes.php, line 82
Cake\Http\BaseApplication::routes() - CORE\src\Http\BaseApplication.php, line 74
Cake\Routing\Middleware\RoutingMiddleware::loadRoutes() - CORE\src\Routing\Middleware\RoutingMiddleware.php, line 61
Cake\Routing\Middleware\RoutingMiddleware::__invoke() - CORE\src\Routing\Middleware\RoutingMiddleware.php, line 78
Cake\Http\Runner::__invoke() - CORE\src\Http\Runner.php, line 65
Cake\Routing\Middleware\AssetMiddleware::__invoke() - CORE\src\Routing\Middleware\AssetMiddleware.php, line 88
Cake\Http\Runner::__invoke() - CORE\src\Http\Runner.php, line 65
Cake\Error\Middleware\ErrorHandlerMiddleware::__invoke() - CORE\src\Error\Middleware\ErrorHandlerMiddleware.php, line 98
Cake\Http\Runner::__invoke() - CORE\src\Http\Runner.php, line 65
DebugKit\Middleware\DebugKitMiddleware::__invoke() - ROOT\vendor\cakephp\debug_kit\src\Middleware\DebugKitMiddleware.php, line 52
Cake\Http\Runner::__invoke() - CORE\src\Http\Runner.php, line 65
Cake\Http\Runner::run() - CORE\src\Http\Runner.php, line 51
Cake\Http\Server::run() - CORE\src\Http\Server.php, line 81
[main] - ROOT\webroot\index.php, line 40



2018-03-20 12:33:11 Warning: Warning (512): Unable to emit headers. Headers sent in file=C:\wamp64\www\newapp\vendor\cakephp\cakephp\src\Error\Debugger.php line=850 in [C:\wamp64\www\newapp\vendor\cakephp\cakephp\src\Http\ResponseEmitter.php, line 48]
Request URL: /admin/AclManager/permissions/Groups
Referer URL: http://local.newapp.com:8090/admin/AclManager/permissions/Groups
Trace:
Cake\Error\BaseErrorHandler::handleError() - CORE\src\Error\BaseErrorHandler.php, line 153
Cake\Http\ResponseEmitter::emit() - CORE\src\Http\ResponseEmitter.php, line 48
Cake\Http\Server::emit() - CORE\src\Http\Server.php, line 106
[main] - ROOT\webroot\index.php, line 40



2018-03-20 12:33:11 Warning: Warning (2): Cannot modify header information - headers already sent by (output started at C:\wamp64\www\newapp\vendor\cakephp\cakephp\src\Error\Debugger.php:850) in [C:\wamp64\www\newapp\vendor\cakephp\cakephp\src\Http\ResponseEmitter.php, line 148]
Request URL: /admin/AclManager/permissions/Groups
Referer URL: http://local.newapp.com:8090/admin/AclManager/permissions/Groups
Trace:
Cake\Error\BaseErrorHandler::handleError() - CORE\src\Error\BaseErrorHandler.php, line 153
header - [internal], line ??
Cake\Http\ResponseEmitter::emitStatusLine() - CORE\src\Http\ResponseEmitter.php, line 148
Cake\Http\ResponseEmitter::emit() - CORE\src\Http\ResponseEmitter.php, line 54
Cake\Http\Server::emit() - CORE\src\Http\Server.php, line 106
[main] - ROOT\webroot\index.php, line 40



2018-03-20 12:33:11 Warning: Warning (2): Cannot modify header information - headers already sent by (output started at C:\wamp64\www\newapp\vendor\cakephp\cakephp\src\Error\Debugger.php:850) in [C:\wamp64\www\newapp\vendor\cakephp\cakephp\src\Http\ResponseEmitter.php, line 181]
Request URL: /admin/AclManager/permissions/Groups
Referer URL: http://local.newapp.com:8090/admin/AclManager/permissions/Groups
Trace:
Cake\Error\BaseErrorHandler::handleError() - CORE\src\Error\BaseErrorHandler.php, line 153
header - [internal], line ??
Cake\Http\ResponseEmitter::emitHeaders() - CORE\src\Http\ResponseEmitter.php, line 181
Cake\Http\ResponseEmitter::emit() - CORE\src\Http\ResponseEmitter.php, line 55
Cake\Http\Server::emit() - CORE\src\Http\Server.php, line 106
[main] - ROOT\webroot\index.php, line 40



2018-03-20 12:33:11 Warning: Warning (2): Cannot modify header information - headers already sent by (output started at C:\wamp64\www\newapp\vendor\cakephp\cakephp\src\Error\Debugger.php:850) in [C:\wamp64\www\newapp\vendor\cakephp\cakephp\src\Http\ResponseEmitter.php, line 181]
Request URL: /admin/AclManager/permissions/Groups
Referer URL: http://local.newapp.com:8090/admin/AclManager/permissions/Groups
Trace:
Cake\Error\BaseErrorHandler::handleError() - CORE\src\Error\BaseErrorHandler.php, line 153
header - [internal], line ??
Cake\Http\ResponseEmitter::emitHeaders() - CORE\src\Http\ResponseEmitter.php, line 181
Cake\Http\ResponseEmitter::emit() - CORE\src\Http\ResponseEmitter.php, line 55
Cake\Http\Server::emit() - CORE\src\Http\Server.php, line 106
[main] - ROOT\webroot\index.php, line 40



2018-03-20 12:33:11 Warning: Warning (2): Cannot modify header information - headers already sent by (output started at C:\wamp64\www\newapp\vendor\cakephp\cakephp\src\Error\Debugger.php:850) in [C:\wamp64\www\newapp\vendor\cakephp\cakephp\src\Http\ResponseEmitter.php, line 181]
Request URL: /admin/AclManager/permissions/Groups
Referer URL: http://local.newapp.com:8090/admin/AclManager/permissions/Groups
Trace:
Cake\Error\BaseErrorHandler::handleError() - CORE\src\Error\BaseErrorHandler.php, line 153
header - [internal], line ??
Cake\Http\ResponseEmitter::emitHeaders() - CORE\src\Http\ResponseEmitter.php, line 181
Cake\Http\ResponseEmitter::emit() - CORE\src\Http\ResponseEmitter.php, line 55
Cake\Http\Server::emit() - CORE\src\Http\Server.php, line 106
[main] - ROOT\webroot\index.php, line 40



2018-03-20 12:33:19 Warning: Warning (2): include(C:\wamp64\www\newapp\plugins\adminlte\config\bootstrap.php): failed to open stream: No such file or directory in [C:\wamp64\www\newapp\vendor\cakephp\cakephp\src\Core\Plugin.php, line 403]
Trace:
Cake\Error\BaseErrorHandler::handleError() - CORE\src\Error\BaseErrorHandler.php, line 153
include - CORE\src\Core\Plugin.php, line 403
Cake\Core\Plugin::_includeFile() - CORE\src\Core\Plugin.php, line 403
Cake\Core\Plugin::bootstrap() - CORE\src\Core\Plugin.php, line 321
Cake\Core\Plugin::load() - CORE\src\Core\Plugin.php, line 175
require_once - ROOT\config\bootstrap.php, line 225
Cake\Http\BaseApplication::bootstrap() - CORE\src\Http\BaseApplication.php, line 60
Cake\Http\Server::run() - CORE\src\Http\Server.php, line 71
[main] - ROOT\webroot\index.php, line 40



2018-03-20 12:33:19 Warning: Warning (2): include() [<a href='https://secure.php.net/function.include'>function.include</a>]: Failed opening 'C:\wamp64\www\newapp\plugins\adminlte\config\bootstrap.php' for inclusion (include_path='.;C:\php\pear') in [C:\wamp64\www\newapp\vendor\cakephp\cakephp\src\Core\Plugin.php, line 403]
Trace:
Cake\Error\BaseErrorHandler::handleError() - CORE\src\Error\BaseErrorHandler.php, line 153
include - CORE\src\Core\Plugin.php, line 403
Cake\Core\Plugin::_includeFile() - CORE\src\Core\Plugin.php, line 403
Cake\Core\Plugin::bootstrap() - CORE\src\Core\Plugin.php, line 321
Cake\Core\Plugin::load() - CORE\src\Core\Plugin.php, line 175
require_once - ROOT\config\bootstrap.php, line 225
Cake\Http\BaseApplication::bootstrap() - CORE\src\Http\BaseApplication.php, line 60
Cake\Http\Server::run() - CORE\src\Http\Server.php, line 71
[main] - ROOT\webroot\index.php, line 40



2018-03-20 12:33:19 Warning: Warning (2): include(C:\wamp64\www\newapp\plugins\adminlte\config\routes.php) [<a href='https://secure.php.net/function.include'>function.include</a>]: failed to open stream: No such file or directory in [C:\wamp64\www\newapp\vendor\cakephp\cakephp\src\Core\Plugin.php, line 403]
Trace:
Cake\Error\BaseErrorHandler::handleError() - CORE\src\Error\BaseErrorHandler.php, line 153
include - CORE\src\Core\Plugin.php, line 403
Cake\Core\Plugin::_includeFile() - CORE\src\Core\Plugin.php, line 403
Cake\Core\Plugin::routes() - CORE\src\Core\Plugin.php, line 352
Cake\Core\Plugin::routes() - CORE\src\Core\Plugin.php, line 340
require - ROOT\config\routes.php, line 82
Cake\Http\BaseApplication::routes() - CORE\src\Http\BaseApplication.php, line 74
Cake\Routing\Middleware\RoutingMiddleware::loadRoutes() - CORE\src\Routing\Middleware\RoutingMiddleware.php, line 61
Cake\Routing\Middleware\RoutingMiddleware::__invoke() - CORE\src\Routing\Middleware\RoutingMiddleware.php, line 78
Cake\Http\Runner::__invoke() - CORE\src\Http\Runner.php, line 65
Cake\Routing\Middleware\AssetMiddleware::__invoke() - CORE\src\Routing\Middleware\AssetMiddleware.php, line 88
Cake\Http\Runner::__invoke() - CORE\src\Http\Runner.php, line 65
Cake\Error\Middleware\ErrorHandlerMiddleware::__invoke() - CORE\src\Error\Middleware\ErrorHandlerMiddleware.php, line 98
Cake\Http\Runner::__invoke() - CORE\src\Http\Runner.php, line 65
DebugKit\Middleware\DebugKitMiddleware::__invoke() - ROOT\vendor\cakephp\debug_kit\src\Middleware\DebugKitMiddleware.php, line 52
Cake\Http\Runner::__invoke() - CORE\src\Http\Runner.php, line 65
Cake\Http\Runner::run() - CORE\src\Http\Runner.php, line 51
Cake\Http\Server::run() - CORE\src\Http\Server.php, line 81
[main] - ROOT\webroot\index.php, line 40



2018-03-20 12:33:19 Warning: Warning (2): include() [<a href='https://secure.php.net/function.include'>function.include</a>]: Failed opening 'C:\wamp64\www\newapp\plugins\adminlte\config\routes.php' for inclusion (include_path='.;C:\php\pear') in [C:\wamp64\www\newapp\vendor\cakephp\cakephp\src\Core\Plugin.php, line 403]
Trace:
Cake\Error\BaseErrorHandler::handleError() - CORE\src\Error\BaseErrorHandler.php, line 153
include - CORE\src\Core\Plugin.php, line 403
Cake\Core\Plugin::_includeFile() - CORE\src\Core\Plugin.php, line 403
Cake\Core\Plugin::routes() - CORE\src\Core\Plugin.php, line 352
Cake\Core\Plugin::routes() - CORE\src\Core\Plugin.php, line 340
require - ROOT\config\routes.php, line 82
Cake\Http\BaseApplication::routes() - CORE\src\Http\BaseApplication.php, line 74
Cake\Routing\Middleware\RoutingMiddleware::loadRoutes() - CORE\src\Routing\Middleware\RoutingMiddleware.php, line 61
Cake\Routing\Middleware\RoutingMiddleware::__invoke() - CORE\src\Routing\Middleware\RoutingMiddleware.php, line 78
Cake\Http\Runner::__invoke() - CORE\src\Http\Runner.php, line 65
Cake\Routing\Middleware\AssetMiddleware::__invoke() - CORE\src\Routing\Middleware\AssetMiddleware.php, line 88
Cake\Http\Runner::__invoke() - CORE\src\Http\Runner.php, line 65
Cake\Error\Middleware\ErrorHandlerMiddleware::__invoke() - CORE\src\Error\Middleware\ErrorHandlerMiddleware.php, line 98
Cake\Http\Runner::__invoke() - CORE\src\Http\Runner.php, line 65
DebugKit\Middleware\DebugKitMiddleware::__invoke() - ROOT\vendor\cakephp\debug_kit\src\Middleware\DebugKitMiddleware.php, line 52
Cake\Http\Runner::__invoke() - CORE\src\Http\Runner.php, line 65
Cake\Http\Runner::run() - CORE\src\Http\Runner.php, line 51
Cake\Http\Server::run() - CORE\src\Http\Server.php, line 81
[main] - ROOT\webroot\index.php, line 40



2018-03-20 12:33:19 Warning: Warning (512): Unable to emit headers. Headers sent in file=C:\wamp64\www\newapp\vendor\cakephp\cakephp\src\Error\Debugger.php line=850 in [C:\wamp64\www\newapp\vendor\cakephp\cakephp\src\Http\ResponseEmitter.php, line 48]
Request URL: /admin/AclManager/
Trace:
Cake\Error\BaseErrorHandler::handleError() - CORE\src\Error\BaseErrorHandler.php, line 153
Cake\Http\ResponseEmitter::emit() - CORE\src\Http\ResponseEmitter.php, line 48
Cake\Http\Server::emit() - CORE\src\Http\Server.php, line 106
[main] - ROOT\webroot\index.php, line 40



2018-03-20 12:33:19 Warning: Warning (2): Cannot modify header information - headers already sent by (output started at C:\wamp64\www\newapp\vendor\cakephp\cakephp\src\Error\Debugger.php:850) in [C:\wamp64\www\newapp\vendor\cakephp\cakephp\src\Http\ResponseEmitter.php, line 148]
Request URL: /admin/AclManager/
Trace:
Cake\Error\BaseErrorHandler::handleError() - CORE\src\Error\BaseErrorHandler.php, line 153
header - [internal], line ??
Cake\Http\ResponseEmitter::emitStatusLine() - CORE\src\Http\ResponseEmitter.php, line 148
Cake\Http\ResponseEmitter::emit() - CORE\src\Http\ResponseEmitter.php, line 54
Cake\Http\Server::emit() - CORE\src\Http\Server.php, line 106
[main] - ROOT\webroot\index.php, line 40



2018-03-20 12:33:19 Warning: Warning (2): Cannot modify header information - headers already sent by (output started at C:\wamp64\www\newapp\vendor\cakephp\cakephp\src\Error\Debugger.php:850) in [C:\wamp64\www\newapp\vendor\cakephp\cakephp\src\Http\ResponseEmitter.php, line 181]
Request URL: /admin/AclManager/
Trace:
Cake\Error\BaseErrorHandler::handleError() - CORE\src\Error\BaseErrorHandler.php, line 153
header - [internal], line ??
Cake\Http\ResponseEmitter::emitHeaders() - CORE\src\Http\ResponseEmitter.php, line 181
Cake\Http\ResponseEmitter::emit() - CORE\src\Http\ResponseEmitter.php, line 55
Cake\Http\Server::emit() - CORE\src\Http\Server.php, line 106
[main] - ROOT\webroot\index.php, line 40



2018-03-20 12:33:19 Warning: Warning (2): Cannot modify header information - headers already sent by (output started at C:\wamp64\www\newapp\vendor\cakephp\cakephp\src\Error\Debugger.php:850) in [C:\wamp64\www\newapp\vendor\cakephp\cakephp\src\Http\ResponseEmitter.php, line 181]
Request URL: /admin/AclManager/
Trace:
Cake\Error\BaseErrorHandler::handleError() - CORE\src\Error\BaseErrorHandler.php, line 153
header - [internal], line ??
Cake\Http\ResponseEmitter::emitHeaders() - CORE\src\Http\ResponseEmitter.php, line 181
Cake\Http\ResponseEmitter::emit() - CORE\src\Http\ResponseEmitter.php, line 55
Cake\Http\Server::emit() - CORE\src\Http\Server.php, line 106
[main] - ROOT\webroot\index.php, line 40



2018-03-20 12:33:19 Warning: Warning (2): Cannot modify header information - headers already sent by (output started at C:\wamp64\www\newapp\vendor\cakephp\cakephp\src\Error\Debugger.php:850) in [C:\wamp64\www\newapp\vendor\cakephp\cakephp\src\Http\ResponseEmitter.php, line 181]
Request URL: /admin/AclManager/
Trace:
Cake\Error\BaseErrorHandler::handleError() - CORE\src\Error\BaseErrorHandler.php, line 153
header - [internal], line ??
Cake\Http\ResponseEmitter::emitHeaders() - CORE\src\Http\ResponseEmitter.php, line 181
Cake\Http\ResponseEmitter::emit() - CORE\src\Http\ResponseEmitter.php, line 55
Cake\Http\Server::emit() - CORE\src\Http\Server.php, line 106
[main] - ROOT\webroot\index.php, line 40



2018-03-20 12:33:23 Warning: Warning (2): include(C:\wamp64\www\newapp\plugins\adminlte\config\bootstrap.php): failed to open stream: No such file or directory in [C:\wamp64\www\newapp\vendor\cakephp\cakephp\src\Core\Plugin.php, line 403]
Trace:
Cake\Error\BaseErrorHandler::handleError() - CORE\src\Error\BaseErrorHandler.php, line 153
include - CORE\src\Core\Plugin.php, line 403
Cake\Core\Plugin::_includeFile() - CORE\src\Core\Plugin.php, line 403
Cake\Core\Plugin::bootstrap() - CORE\src\Core\Plugin.php, line 321
Cake\Core\Plugin::load() - CORE\src\Core\Plugin.php, line 175
require_once - ROOT\config\bootstrap.php, line 225
Cake\Http\BaseApplication::bootstrap() - CORE\src\Http\BaseApplication.php, line 60
Cake\Http\Server::run() - CORE\src\Http\Server.php, line 71
[main] - ROOT\webroot\index.php, line 40



2018-03-20 12:33:23 Warning: Warning (2): include() [<a href='https://secure.php.net/function.include'>function.include</a>]: Failed opening 'C:\wamp64\www\newapp\plugins\adminlte\config\bootstrap.php' for inclusion (include_path='.;C:\php\pear') in [C:\wamp64\www\newapp\vendor\cakephp\cakephp\src\Core\Plugin.php, line 403]
Trace:
Cake\Error\BaseErrorHandler::handleError() - CORE\src\Error\BaseErrorHandler.php, line 153
include - CORE\src\Core\Plugin.php, line 403
Cake\Core\Plugin::_includeFile() - CORE\src\Core\Plugin.php, line 403
Cake\Core\Plugin::bootstrap() - CORE\src\Core\Plugin.php, line 321
Cake\Core\Plugin::load() - CORE\src\Core\Plugin.php, line 175
require_once - ROOT\config\bootstrap.php, line 225
Cake\Http\BaseApplication::bootstrap() - CORE\src\Http\BaseApplication.php, line 60
Cake\Http\Server::run() - CORE\src\Http\Server.php, line 71
[main] - ROOT\webroot\index.php, line 40



2018-03-20 12:33:23 Warning: Warning (2): include(C:\wamp64\www\newapp\plugins\adminlte\config\routes.php) [<a href='https://secure.php.net/function.include'>function.include</a>]: failed to open stream: No such file or directory in [C:\wamp64\www\newapp\vendor\cakephp\cakephp\src\Core\Plugin.php, line 403]
Trace:
Cake\Error\BaseErrorHandler::handleError() - CORE\src\Error\BaseErrorHandler.php, line 153
include - CORE\src\Core\Plugin.php, line 403
Cake\Core\Plugin::_includeFile() - CORE\src\Core\Plugin.php, line 403
Cake\Core\Plugin::routes() - CORE\src\Core\Plugin.php, line 352
Cake\Core\Plugin::routes() - CORE\src\Core\Plugin.php, line 340
require - ROOT\config\routes.php, line 82
Cake\Http\BaseApplication::routes() - CORE\src\Http\BaseApplication.php, line 74
Cake\Routing\Middleware\RoutingMiddleware::loadRoutes() - CORE\src\Routing\Middleware\RoutingMiddleware.php, line 61
Cake\Routing\Middleware\RoutingMiddleware::__invoke() - CORE\src\Routing\Middleware\RoutingMiddleware.php, line 78
Cake\Http\Runner::__invoke() - CORE\src\Http\Runner.php, line 65
Cake\Routing\Middleware\AssetMiddleware::__invoke() - CORE\src\Routing\Middleware\AssetMiddleware.php, line 88
Cake\Http\Runner::__invoke() - CORE\src\Http\Runner.php, line 65
Cake\Error\Middleware\ErrorHandlerMiddleware::__invoke() - CORE\src\Error\Middleware\ErrorHandlerMiddleware.php, line 98
Cake\Http\Runner::__invoke() - CORE\src\Http\Runner.php, line 65
DebugKit\Middleware\DebugKitMiddleware::__invoke() - ROOT\vendor\cakephp\debug_kit\src\Middleware\DebugKitMiddleware.php, line 52
Cake\Http\Runner::__invoke() - CORE\src\Http\Runner.php, line 65
Cake\Http\Runner::run() - CORE\src\Http\Runner.php, line 51
Cake\Http\Server::run() - CORE\src\Http\Server.php, line 81
[main] - ROOT\webroot\index.php, line 40



2018-03-20 12:33:23 Warning: Warning (2): include() [<a href='https://secure.php.net/function.include'>function.include</a>]: Failed opening 'C:\wamp64\www\newapp\plugins\adminlte\config\routes.php' for inclusion (include_path='.;C:\php\pear') in [C:\wamp64\www\newapp\vendor\cakephp\cakephp\src\Core\Plugin.php, line 403]
Trace:
Cake\Error\BaseErrorHandler::handleError() - CORE\src\Error\BaseErrorHandler.php, line 153
include - CORE\src\Core\Plugin.php, line 403
Cake\Core\Plugin::_includeFile() - CORE\src\Core\Plugin.php, line 403
Cake\Core\Plugin::routes() - CORE\src\Core\Plugin.php, line 352
Cake\Core\Plugin::routes() - CORE\src\Core\Plugin.php, line 340
require - ROOT\config\routes.php, line 82
Cake\Http\BaseApplication::routes() - CORE\src\Http\BaseApplication.php, line 74
Cake\Routing\Middleware\RoutingMiddleware::loadRoutes() - CORE\src\Routing\Middleware\RoutingMiddleware.php, line 61
Cake\Routing\Middleware\RoutingMiddleware::__invoke() - CORE\src\Routing\Middleware\RoutingMiddleware.php, line 78
Cake\Http\Runner::__invoke() - CORE\src\Http\Runner.php, line 65
Cake\Routing\Middleware\AssetMiddleware::__invoke() - CORE\src\Routing\Middleware\AssetMiddleware.php, line 88
Cake\Http\Runner::__invoke() - CORE\src\Http\Runner.php, line 65
Cake\Error\Middleware\ErrorHandlerMiddleware::__invoke() - CORE\src\Error\Middleware\ErrorHandlerMiddleware.php, line 98
Cake\Http\Runner::__invoke() - CORE\src\Http\Runner.php, line 65
DebugKit\Middleware\DebugKitMiddleware::__invoke() - ROOT\vendor\cakephp\debug_kit\src\Middleware\DebugKitMiddleware.php, line 52
Cake\Http\Runner::__invoke() - CORE\src\Http\Runner.php, line 65
Cake\Http\Runner::run() - CORE\src\Http\Runner.php, line 51
Cake\Http\Server::run() - CORE\src\Http\Server.php, line 81
[main] - ROOT\webroot\index.php, line 40



2018-03-20 12:33:23 Warning: Warning (512): Unable to emit headers. Headers sent in file=C:\wamp64\www\newapp\vendor\cakephp\cakephp\src\Error\Debugger.php line=850 in [C:\wamp64\www\newapp\vendor\cakephp\cakephp\src\Http\ResponseEmitter.php, line 48]
Request URL: /
Trace:
Cake\Error\BaseErrorHandler::handleError() - CORE\src\Error\BaseErrorHandler.php, line 153
Cake\Http\ResponseEmitter::emit() - CORE\src\Http\ResponseEmitter.php, line 48
Cake\Http\Server::emit() - CORE\src\Http\Server.php, line 106
[main] - ROOT\webroot\index.php, line 40



2018-03-20 12:33:23 Warning: Warning (2): Cannot modify header information - headers already sent by (output started at C:\wamp64\www\newapp\vendor\cakephp\cakephp\src\Error\Debugger.php:850) in [C:\wamp64\www\newapp\vendor\cakephp\cakephp\src\Http\ResponseEmitter.php, line 148]
Request URL: /
Trace:
Cake\Error\BaseErrorHandler::handleError() - CORE\src\Error\BaseErrorHandler.php, line 153
header - [internal], line ??
Cake\Http\ResponseEmitter::emitStatusLine() - CORE\src\Http\ResponseEmitter.php, line 148
Cake\Http\ResponseEmitter::emit() - CORE\src\Http\ResponseEmitter.php, line 54
Cake\Http\Server::emit() - CORE\src\Http\Server.php, line 106
[main] - ROOT\webroot\index.php, line 40



2018-03-20 12:33:23 Warning: Warning (2): Cannot modify header information - headers already sent by (output started at C:\wamp64\www\newapp\vendor\cakephp\cakephp\src\Error\Debugger.php:850) in [C:\wamp64\www\newapp\vendor\cakephp\cakephp\src\Http\ResponseEmitter.php, line 181]
Request URL: /
Trace:
Cake\Error\BaseErrorHandler::handleError() - CORE\src\Error\BaseErrorHandler.php, line 153
header - [internal], line ??
Cake\Http\ResponseEmitter::emitHeaders() - CORE\src\Http\ResponseEmitter.php, line 181
Cake\Http\ResponseEmitter::emit() - CORE\src\Http\ResponseEmitter.php, line 55
Cake\Http\Server::emit() - CORE\src\Http\Server.php, line 106
[main] - ROOT\webroot\index.php, line 40



2018-03-20 12:33:23 Warning: Warning (2): Cannot modify header information - headers already sent by (output started at C:\wamp64\www\newapp\vendor\cakephp\cakephp\src\Error\Debugger.php:850) in [C:\wamp64\www\newapp\vendor\cakephp\cakephp\src\Http\ResponseEmitter.php, line 181]
Request URL: /
Trace:
Cake\Error\BaseErrorHandler::handleError() - CORE\src\Error\BaseErrorHandler.php, line 153
header - [internal], line ??
Cake\Http\ResponseEmitter::emitHeaders() - CORE\src\Http\ResponseEmitter.php, line 181
Cake\Http\ResponseEmitter::emit() - CORE\src\Http\ResponseEmitter.php, line 55
Cake\Http\Server::emit() - CORE\src\Http\Server.php, line 106
[main] - ROOT\webroot\index.php, line 40



2018-03-20 12:33:23 Warning: Warning (2): Cannot modify header information - headers already sent by (output started at C:\wamp64\www\newapp\vendor\cakephp\cakephp\src\Error\Debugger.php:850) in [C:\wamp64\www\newapp\vendor\cakephp\cakephp\src\Http\ResponseEmitter.php, line 181]
Request URL: /
Trace:
Cake\Error\BaseErrorHandler::handleError() - CORE\src\Error\BaseErrorHandler.php, line 153
header - [internal], line ??
Cake\Http\ResponseEmitter::emitHeaders() - CORE\src\Http\ResponseEmitter.php, line 181
Cake\Http\ResponseEmitter::emit() - CORE\src\Http\ResponseEmitter.php, line 55
Cake\Http\Server::emit() - CORE\src\Http\Server.php, line 106
[main] - ROOT\webroot\index.php, line 40



2018-03-20 12:37:51 Warning: Warning (2): include(C:\wamp64\www\newapp\plugins\adminlte\config\bootstrap.php): failed to open stream: No such file or directory in [C:\wamp64\www\newapp\vendor\cakephp\cakephp\src\Core\Plugin.php, line 403]
Trace:
Cake\Error\BaseErrorHandler::handleError() - CORE\src\Error\BaseErrorHandler.php, line 153
include - CORE\src\Core\Plugin.php, line 403
Cake\Core\Plugin::_includeFile() - CORE\src\Core\Plugin.php, line 403
Cake\Core\Plugin::bootstrap() - CORE\src\Core\Plugin.php, line 321
Cake\Core\Plugin::load() - CORE\src\Core\Plugin.php, line 175
require_once - ROOT\config\bootstrap.php, line 225
Cake\Http\BaseApplication::bootstrap() - CORE\src\Http\BaseApplication.php, line 60
Cake\Http\Server::run() - CORE\src\Http\Server.php, line 71
[main] - ROOT\webroot\index.php, line 40



2018-03-20 12:37:51 Warning: Warning (2): include() [<a href='https://secure.php.net/function.include'>function.include</a>]: Failed opening 'C:\wamp64\www\newapp\plugins\adminlte\config\bootstrap.php' for inclusion (include_path='.;C:\php\pear') in [C:\wamp64\www\newapp\vendor\cakephp\cakephp\src\Core\Plugin.php, line 403]
Trace:
Cake\Error\BaseErrorHandler::handleError() - CORE\src\Error\BaseErrorHandler.php, line 153
include - CORE\src\Core\Plugin.php, line 403
Cake\Core\Plugin::_includeFile() - CORE\src\Core\Plugin.php, line 403
Cake\Core\Plugin::bootstrap() - CORE\src\Core\Plugin.php, line 321
Cake\Core\Plugin::load() - CORE\src\Core\Plugin.php, line 175
require_once - ROOT\config\bootstrap.php, line 225
Cake\Http\BaseApplication::bootstrap() - CORE\src\Http\BaseApplication.php, line 60
Cake\Http\Server::run() - CORE\src\Http\Server.php, line 71
[main] - ROOT\webroot\index.php, line 40



2018-03-20 12:37:51 Warning: Warning (2): include(C:\wamp64\www\newapp\plugins\adminlte\config\routes.php) [<a href='https://secure.php.net/function.include'>function.include</a>]: failed to open stream: No such file or directory in [C:\wamp64\www\newapp\vendor\cakephp\cakephp\src\Core\Plugin.php, line 403]
Trace:
Cake\Error\BaseErrorHandler::handleError() - CORE\src\Error\BaseErrorHandler.php, line 153
include - CORE\src\Core\Plugin.php, line 403
Cake\Core\Plugin::_includeFile() - CORE\src\Core\Plugin.php, line 403
Cake\Core\Plugin::routes() - CORE\src\Core\Plugin.php, line 352
Cake\Core\Plugin::routes() - CORE\src\Core\Plugin.php, line 340
require - ROOT\config\routes.php, line 82
Cake\Http\BaseApplication::routes() - CORE\src\Http\BaseApplication.php, line 74
Cake\Routing\Middleware\RoutingMiddleware::loadRoutes() - CORE\src\Routing\Middleware\RoutingMiddleware.php, line 61
Cake\Routing\Middleware\RoutingMiddleware::__invoke() - CORE\src\Routing\Middleware\RoutingMiddleware.php, line 78
Cake\Http\Runner::__invoke() - CORE\src\Http\Runner.php, line 65
Cake\Routing\Middleware\AssetMiddleware::__invoke() - CORE\src\Routing\Middleware\AssetMiddleware.php, line 88
Cake\Http\Runner::__invoke() - CORE\src\Http\Runner.php, line 65
Cake\Error\Middleware\ErrorHandlerMiddleware::__invoke() - CORE\src\Error\Middleware\ErrorHandlerMiddleware.php, line 98
Cake\Http\Runner::__invoke() - CORE\src\Http\Runner.php, line 65
DebugKit\Middleware\DebugKitMiddleware::__invoke() - ROOT\vendor\cakephp\debug_kit\src\Middleware\DebugKitMiddleware.php, line 52
Cake\Http\Runner::__invoke() - CORE\src\Http\Runner.php, line 65
Cake\Http\Runner::run() - CORE\src\Http\Runner.php, line 51
Cake\Http\Server::run() - CORE\src\Http\Server.php, line 81
[main] - ROOT\webroot\index.php, line 40



2018-03-20 12:37:51 Warning: Warning (2): include() [<a href='https://secure.php.net/function.include'>function.include</a>]: Failed opening 'C:\wamp64\www\newapp\plugins\adminlte\config\routes.php' for inclusion (include_path='.;C:\php\pear') in [C:\wamp64\www\newapp\vendor\cakephp\cakephp\src\Core\Plugin.php, line 403]
Trace:
Cake\Error\BaseErrorHandler::handleError() - CORE\src\Error\BaseErrorHandler.php, line 153
include - CORE\src\Core\Plugin.php, line 403
Cake\Core\Plugin::_includeFile() - CORE\src\Core\Plugin.php, line 403
Cake\Core\Plugin::routes() - CORE\src\Core\Plugin.php, line 352
Cake\Core\Plugin::routes() - CORE\src\Core\Plugin.php, line 340
require - ROOT\config\routes.php, line 82
Cake\Http\BaseApplication::routes() - CORE\src\Http\BaseApplication.php, line 74
Cake\Routing\Middleware\RoutingMiddleware::loadRoutes() - CORE\src\Routing\Middleware\RoutingMiddleware.php, line 61
Cake\Routing\Middleware\RoutingMiddleware::__invoke() - CORE\src\Routing\Middleware\RoutingMiddleware.php, line 78
Cake\Http\Runner::__invoke() - CORE\src\Http\Runner.php, line 65
Cake\Routing\Middleware\AssetMiddleware::__invoke() - CORE\src\Routing\Middleware\AssetMiddleware.php, line 88
Cake\Http\Runner::__invoke() - CORE\src\Http\Runner.php, line 65
Cake\Error\Middleware\ErrorHandlerMiddleware::__invoke() - CORE\src\Error\Middleware\ErrorHandlerMiddleware.php, line 98
Cake\Http\Runner::__invoke() - CORE\src\Http\Runner.php, line 65
DebugKit\Middleware\DebugKitMiddleware::__invoke() - ROOT\vendor\cakephp\debug_kit\src\Middleware\DebugKitMiddleware.php, line 52
Cake\Http\Runner::__invoke() - CORE\src\Http\Runner.php, line 65
Cake\Http\Runner::run() - CORE\src\Http\Runner.php, line 51
Cake\Http\Server::run() - CORE\src\Http\Server.php, line 81
[main] - ROOT\webroot\index.php, line 40



2018-03-20 12:37:51 Warning: Warning (512): Unable to emit headers. Headers sent in file=C:\wamp64\www\newapp\vendor\cakephp\cakephp\src\Error\Debugger.php line=850 in [C:\wamp64\www\newapp\vendor\cakephp\cakephp\src\Http\ResponseEmitter.php, line 48]
Request URL: /
Trace:
Cake\Error\BaseErrorHandler::handleError() - CORE\src\Error\BaseErrorHandler.php, line 153
Cake\Http\ResponseEmitter::emit() - CORE\src\Http\ResponseEmitter.php, line 48
Cake\Http\Server::emit() - CORE\src\Http\Server.php, line 106
[main] - ROOT\webroot\index.php, line 40



2018-03-20 12:37:51 Warning: Warning (2): Cannot modify header information - headers already sent by (output started at C:\wamp64\www\newapp\vendor\cakephp\cakephp\src\Error\Debugger.php:850) in [C:\wamp64\www\newapp\vendor\cakephp\cakephp\src\Http\ResponseEmitter.php, line 148]
Request URL: /
Trace:
Cake\Error\BaseErrorHandler::handleError() - CORE\src\Error\BaseErrorHandler.php, line 153
header - [internal], line ??
Cake\Http\ResponseEmitter::emitStatusLine() - CORE\src\Http\ResponseEmitter.php, line 148
Cake\Http\ResponseEmitter::emit() - CORE\src\Http\ResponseEmitter.php, line 54
Cake\Http\Server::emit() - CORE\src\Http\Server.php, line 106
[main] - ROOT\webroot\index.php, line 40



2018-03-20 12:37:51 Warning: Warning (2): Cannot modify header information - headers already sent by (output started at C:\wamp64\www\newapp\vendor\cakephp\cakephp\src\Error\Debugger.php:850) in [C:\wamp64\www\newapp\vendor\cakephp\cakephp\src\Http\ResponseEmitter.php, line 181]
Request URL: /
Trace:
Cake\Error\BaseErrorHandler::handleError() - CORE\src\Error\BaseErrorHandler.php, line 153
header - [internal], line ??
Cake\Http\ResponseEmitter::emitHeaders() - CORE\src\Http\ResponseEmitter.php, line 181
Cake\Http\ResponseEmitter::emit() - CORE\src\Http\ResponseEmitter.php, line 55
Cake\Http\Server::emit() - CORE\src\Http\Server.php, line 106
[main] - ROOT\webroot\index.php, line 40



2018-03-20 12:37:51 Warning: Warning (2): Cannot modify header information - headers already sent by (output started at C:\wamp64\www\newapp\vendor\cakephp\cakephp\src\Error\Debugger.php:850) in [C:\wamp64\www\newapp\vendor\cakephp\cakephp\src\Http\ResponseEmitter.php, line 181]
Request URL: /
Trace:
Cake\Error\BaseErrorHandler::handleError() - CORE\src\Error\BaseErrorHandler.php, line 153
header - [internal], line ??
Cake\Http\ResponseEmitter::emitHeaders() - CORE\src\Http\ResponseEmitter.php, line 181
Cake\Http\ResponseEmitter::emit() - CORE\src\Http\ResponseEmitter.php, line 55
Cake\Http\Server::emit() - CORE\src\Http\Server.php, line 106
[main] - ROOT\webroot\index.php, line 40



2018-03-20 12:37:51 Warning: Warning (2): Cannot modify header information - headers already sent by (output started at C:\wamp64\www\newapp\vendor\cakephp\cakephp\src\Error\Debugger.php:850) in [C:\wamp64\www\newapp\vendor\cakephp\cakephp\src\Http\ResponseEmitter.php, line 181]
Request URL: /
Trace:
Cake\Error\BaseErrorHandler::handleError() - CORE\src\Error\BaseErrorHandler.php, line 153
header - [internal], line ??
Cake\Http\ResponseEmitter::emitHeaders() - CORE\src\Http\ResponseEmitter.php, line 181
Cake\Http\ResponseEmitter::emit() - CORE\src\Http\ResponseEmitter.php, line 55
Cake\Http\Server::emit() - CORE\src\Http\Server.php, line 106
[main] - ROOT\webroot\index.php, line 40



2018-03-20 12:45:37 Error: [Cake\Routing\Exception\MissingControllerException] Controller class Css could not be found.
Exception Attributes: array (
  'class' => 'Css',
  'plugin' => false,
  'prefix' => false,
  '_ext' => false,
)
Request URL: /css/bootstrap.css
Referer URL: http://local.newapp.com:8090/users/login
Stack Trace:
#0 C:\wamp64\www\newapp\vendor\cakephp\cakephp\src\Http\ControllerFactory.php(38): Cake\Http\ControllerFactory->missingController(Object(Cake\Http\ServerRequest))
#1 C:\wamp64\www\newapp\vendor\cakephp\cakephp\src\Http\ActionDispatcher.php(90): Cake\Http\ControllerFactory->create(Object(Cake\Http\ServerRequest), Object(Cake\Http\Response))
#2 C:\wamp64\www\newapp\vendor\cakephp\cakephp\src\Http\BaseApplication.php(108): Cake\Http\ActionDispatcher->dispatch(Object(Cake\Http\ServerRequest), Object(Cake\Http\Response))
#3 C:\wamp64\www\newapp\vendor\cakephp\cakephp\src\Http\Runner.php(65): Cake\Http\BaseApplication->__invoke(Object(Cake\Http\ServerRequest), Object(Cake\Http\Response), Object(Cake\Http\Runner))
#4 C:\wamp64\www\newapp\vendor\cakephp\cakephp\src\Routing\Middleware\RoutingMiddleware.php(104): Cake\Http\Runner->__invoke(Object(Cake\Http\ServerRequest), Object(Cake\Http\Response))
#5 C:\wamp64\www\newapp\vendor\cakephp\cakephp\src\Http\Runner.php(65): Cake\Routing\Middleware\RoutingMiddleware->__invoke(Object(Cake\Http\ServerRequest), Object(Cake\Http\Response), Object(Cake\Http\Runner))
#6 C:\wamp64\www\newapp\vendor\cakephp\cakephp\src\Routing\Middleware\AssetMiddleware.php(97): Cake\Http\Runner->__invoke(Object(Cake\Http\ServerRequest), Object(Cake\Http\Response))
#7 C:\wamp64\www\newapp\vendor\cakephp\cakephp\src\Http\Runner.php(65): Cake\Routing\Middleware\AssetMiddleware->__invoke(Object(Cake\Http\ServerRequest), Object(Cake\Http\Response), Object(Cake\Http\Runner))
#8 C:\wamp64\www\newapp\vendor\cakephp\cakephp\src\Error\Middleware\ErrorHandlerMiddleware.php(98): Cake\Http\Runner->__invoke(Object(Cake\Http\ServerRequest), Object(Cake\Http\Response))
#9 C:\wamp64\www\newapp\vendor\cakephp\cakephp\src\Http\Runner.php(65): Cake\Error\Middleware\ErrorHandlerMiddleware->__invoke(Object(Cake\Http\ServerRequest), Object(Cake\Http\Response), Object(Cake\Http\Runner))
#10 C:\wamp64\www\newapp\vendor\cakephp\debug_kit\src\Middleware\DebugKitMiddleware.php(52): Cake\Http\Runner->__invoke(Object(Cake\Http\ServerRequest), Object(Cake\Http\Response))
#11 C:\wamp64\www\newapp\vendor\cakephp\cakephp\src\Http\Runner.php(65): DebugKit\Middleware\DebugKitMiddleware->__invoke(Object(Cake\Http\ServerRequest), Object(Cake\Http\Response), Object(Cake\Http\Runner))
#12 C:\wamp64\www\newapp\vendor\cakephp\cakephp\src\Http\Runner.php(51): Cake\Http\Runner->__invoke(Object(Cake\Http\ServerRequest), Object(Cake\Http\Response))
#13 C:\wamp64\www\newapp\vendor\cakephp\cakephp\src\Http\Server.php(81): Cake\Http\Runner->run(Object(Cake\Http\MiddlewareQueue), Object(Cake\Http\ServerRequest), Object(Cake\Http\Response))
#14 C:\wamp64\www\newapp\webroot\index.php(40): Cake\Http\Server->run()
#15 {main}


2018-03-20 12:45:38 Error: [Cake\Routing\Exception\MissingControllerException] Controller class Css could not be found.
Exception Attributes: array (
  'class' => 'Css',
  'plugin' => false,
  'prefix' => false,
  '_ext' => false,
)
Request URL: /css/custom.css
Referer URL: http://local.newapp.com:8090/users/login
Stack Trace:
#0 C:\wamp64\www\newapp\vendor\cakephp\cakephp\src\Http\ControllerFactory.php(38): Cake\Http\ControllerFactory->missingController(Object(Cake\Http\ServerRequest))
#1 C:\wamp64\www\newapp\vendor\cakephp\cakephp\src\Http\ActionDispatcher.php(90): Cake\Http\ControllerFactory->create(Object(Cake\Http\ServerRequest), Object(Cake\Http\Response))
#2 C:\wamp64\www\newapp\vendor\cakephp\cakephp\src\Http\BaseApplication.php(108): Cake\Http\ActionDispatcher->dispatch(Object(Cake\Http\ServerRequest), Object(Cake\Http\Response))
#3 C:\wamp64\www\newapp\vendor\cakephp\cakephp\src\Http\Runner.php(65): Cake\Http\BaseApplication->__invoke(Object(Cake\Http\ServerRequest), Object(Cake\Http\Response), Object(Cake\Http\Runner))
#4 C:\wamp64\www\newapp\vendor\cakephp\cakephp\src\Routing\Middleware\RoutingMiddleware.php(104): Cake\Http\Runner->__invoke(Object(Cake\Http\ServerRequest), Object(Cake\Http\Response))
#5 C:\wamp64\www\newapp\vendor\cakephp\cakephp\src\Http\Runner.php(65): Cake\Routing\Middleware\RoutingMiddleware->__invoke(Object(Cake\Http\ServerRequest), Object(Cake\Http\Response), Object(Cake\Http\Runner))
#6 C:\wamp64\www\newapp\vendor\cakephp\cakephp\src\Routing\Middleware\AssetMiddleware.php(97): Cake\Http\Runner->__invoke(Object(Cake\Http\ServerRequest), Object(Cake\Http\Response))
#7 C:\wamp64\www\newapp\vendor\cakephp\cakephp\src\Http\Runner.php(65): Cake\Routing\Middleware\AssetMiddleware->__invoke(Object(Cake\Http\ServerRequest), Object(Cake\Http\Response), Object(Cake\Http\Runner))
#8 C:\wamp64\www\newapp\vendor\cakephp\cakephp\src\Error\Middleware\ErrorHandlerMiddleware.php(98): Cake\Http\Runner->__invoke(Object(Cake\Http\ServerRequest), Object(Cake\Http\Response))
#9 C:\wamp64\www\newapp\vendor\cakephp\cakephp\src\Http\Runner.php(65): Cake\Error\Middleware\ErrorHandlerMiddleware->__invoke(Object(Cake\Http\ServerRequest), Object(Cake\Http\Response), Object(Cake\Http\Runner))
#10 C:\wamp64\www\newapp\vendor\cakephp\debug_kit\src\Middleware\DebugKitMiddleware.php(52): Cake\Http\Runner->__invoke(Object(Cake\Http\ServerRequest), Object(Cake\Http\Response))
#11 C:\wamp64\www\newapp\vendor\cakephp\cakephp\src\Http\Runner.php(65): DebugKit\Middleware\DebugKitMiddleware->__invoke(Object(Cake\Http\ServerRequest), Object(Cake\Http\Response), Object(Cake\Http\Runner))
#12 C:\wamp64\www\newapp\vendor\cakephp\cakephp\src\Http\Runner.php(51): Cake\Http\Runner->__invoke(Object(Cake\Http\ServerRequest), Object(Cake\Http\Response))
#13 C:\wamp64\www\newapp\vendor\cakephp\cakephp\src\Http\Server.php(81): Cake\Http\Runner->run(Object(Cake\Http\MiddlewareQueue), Object(Cake\Http\ServerRequest), Object(Cake\Http\Response))
#14 C:\wamp64\www\newapp\webroot\index.php(40): Cake\Http\Server->run()
#15 {main}


2018-03-20 12:45:49 Error: [Cake\Routing\Exception\MissingControllerException] Controller class Posts could not be found.
Exception Attributes: array (
  'class' => 'Posts',
  'plugin' => false,
  'prefix' => false,
  '_ext' => false,
)
Request URL: /posts
Referer URL: http://local.newapp.com:8090/users/login
Stack Trace:
#0 C:\wamp64\www\newapp\vendor\cakephp\cakephp\src\Http\ControllerFactory.php(38): Cake\Http\ControllerFactory->missingController(Object(Cake\Http\ServerRequest))
#1 C:\wamp64\www\newapp\vendor\cakephp\cakephp\src\Http\ActionDispatcher.php(90): Cake\Http\ControllerFactory->create(Object(Cake\Http\ServerRequest), Object(Cake\Http\Response))
#2 C:\wamp64\www\newapp\vendor\cakephp\cakephp\src\Http\BaseApplication.php(108): Cake\Http\ActionDispatcher->dispatch(Object(Cake\Http\ServerRequest), Object(Cake\Http\Response))
#3 C:\wamp64\www\newapp\vendor\cakephp\cakephp\src\Http\Runner.php(65): Cake\Http\BaseApplication->__invoke(Object(Cake\Http\ServerRequest), Object(Cake\Http\Response), Object(Cake\Http\Runner))
#4 C:\wamp64\www\newapp\vendor\cakephp\cakephp\src\Routing\Middleware\RoutingMiddleware.php(104): Cake\Http\Runner->__invoke(Object(Cake\Http\ServerRequest), Object(Cake\Http\Response))
#5 C:\wamp64\www\newapp\vendor\cakephp\cakephp\src\Http\Runner.php(65): Cake\Routing\Middleware\RoutingMiddleware->__invoke(Object(Cake\Http\ServerRequest), Object(Cake\Http\Response), Object(Cake\Http\Runner))
#6 C:\wamp64\www\newapp\vendor\cakephp\cakephp\src\Routing\Middleware\AssetMiddleware.php(88): Cake\Http\Runner->__invoke(Object(Cake\Http\ServerRequest), Object(Cake\Http\Response))
#7 C:\wamp64\www\newapp\vendor\cakephp\cakephp\src\Http\Runner.php(65): Cake\Routing\Middleware\AssetMiddleware->__invoke(Object(Cake\Http\ServerRequest), Object(Cake\Http\Response), Object(Cake\Http\Runner))
#8 C:\wamp64\www\newapp\vendor\cakephp\cakephp\src\Error\Middleware\ErrorHandlerMiddleware.php(98): Cake\Http\Runner->__invoke(Object(Cake\Http\ServerRequest), Object(Cake\Http\Response))
#9 C:\wamp64\www\newapp\vendor\cakephp\cakephp\src\Http\Runner.php(65): Cake\Error\Middleware\ErrorHandlerMiddleware->__invoke(Object(Cake\Http\ServerRequest), Object(Cake\Http\Response), Object(Cake\Http\Runner))
#10 C:\wamp64\www\newapp\vendor\cakephp\debug_kit\src\Middleware\DebugKitMiddleware.php(52): Cake\Http\Runner->__invoke(Object(Cake\Http\ServerRequest), Object(Cake\Http\Response))
#11 C:\wamp64\www\newapp\vendor\cakephp\cakephp\src\Http\Runner.php(65): DebugKit\Middleware\DebugKitMiddleware->__invoke(Object(Cake\Http\ServerRequest), Object(Cake\Http\Response), Object(Cake\Http\Runner))
#12 C:\wamp64\www\newapp\vendor\cakephp\cakephp\src\Http\Runner.php(51): Cake\Http\Runner->__invoke(Object(Cake\Http\ServerRequest), Object(Cake\Http\Response))
#13 C:\wamp64\www\newapp\vendor\cakephp\cakephp\src\Http\Server.php(81): Cake\Http\Runner->run(Object(Cake\Http\MiddlewareQueue), Object(Cake\Http\ServerRequest), Object(Cake\Http\Response))
#14 C:\wamp64\www\newapp\webroot\index.php(40): Cake\Http\Server->run()
#15 {main}


2018-03-20 12:46:15 Warning: Warning (2): include(C:\wamp64\www\newapp\plugins\adminlte\config\bootstrap.php): failed to open stream: No such file or directory in [C:\wamp64\www\newapp\vendor\cakephp\cakephp\src\Core\Plugin.php, line 403]
Trace:
Cake\Error\BaseErrorHandler::handleError() - CORE\src\Error\BaseErrorHandler.php, line 153
include - CORE\src\Core\Plugin.php, line 403
Cake\Core\Plugin::_includeFile() - CORE\src\Core\Plugin.php, line 403
Cake\Core\Plugin::bootstrap() - CORE\src\Core\Plugin.php, line 321
Cake\Core\Plugin::load() - CORE\src\Core\Plugin.php, line 175
require_once - ROOT\config\bootstrap.php, line 225
Cake\Http\BaseApplication::bootstrap() - CORE\src\Http\BaseApplication.php, line 60
Cake\Http\Server::run() - CORE\src\Http\Server.php, line 71
[main] - ROOT\webroot\index.php, line 40



2018-03-20 12:46:15 Warning: Warning (2): include() [<a href='https://secure.php.net/function.include'>function.include</a>]: Failed opening 'C:\wamp64\www\newapp\plugins\adminlte\config\bootstrap.php' for inclusion (include_path='.;C:\php\pear') in [C:\wamp64\www\newapp\vendor\cakephp\cakephp\src\Core\Plugin.php, line 403]
Trace:
Cake\Error\BaseErrorHandler::handleError() - CORE\src\Error\BaseErrorHandler.php, line 153
include - CORE\src\Core\Plugin.php, line 403
Cake\Core\Plugin::_includeFile() - CORE\src\Core\Plugin.php, line 403
Cake\Core\Plugin::bootstrap() - CORE\src\Core\Plugin.php, line 321
Cake\Core\Plugin::load() - CORE\src\Core\Plugin.php, line 175
require_once - ROOT\config\bootstrap.php, line 225
Cake\Http\BaseApplication::bootstrap() - CORE\src\Http\BaseApplication.php, line 60
Cake\Http\Server::run() - CORE\src\Http\Server.php, line 71
[main] - ROOT\webroot\index.php, line 40



2018-03-20 12:46:16 Warning: Warning (2): include(C:\wamp64\www\newapp\plugins\adminlte\config\routes.php) [<a href='https://secure.php.net/function.include'>function.include</a>]: failed to open stream: No such file or directory in [C:\wamp64\www\newapp\vendor\cakephp\cakephp\src\Core\Plugin.php, line 403]
Trace:
Cake\Error\BaseErrorHandler::handleError() - CORE\src\Error\BaseErrorHandler.php, line 153
include - CORE\src\Core\Plugin.php, line 403
Cake\Core\Plugin::_includeFile() - CORE\src\Core\Plugin.php, line 403
Cake\Core\Plugin::routes() - CORE\src\Core\Plugin.php, line 352
Cake\Core\Plugin::routes() - CORE\src\Core\Plugin.php, line 340
require - ROOT\config\routes.php, line 82
Cake\Http\BaseApplication::routes() - CORE\src\Http\BaseApplication.php, line 74
Cake\Routing\Middleware\RoutingMiddleware::loadRoutes() - CORE\src\Routing\Middleware\RoutingMiddleware.php, line 61
Cake\Routing\Middleware\RoutingMiddleware::__invoke() - CORE\src\Routing\Middleware\RoutingMiddleware.php, line 78
Cake\Http\Runner::__invoke() - CORE\src\Http\Runner.php, line 65
Cake\Routing\Middleware\AssetMiddleware::__invoke() - CORE\src\Routing\Middleware\AssetMiddleware.php, line 88
Cake\Http\Runner::__invoke() - CORE\src\Http\Runner.php, line 65
Cake\Error\Middleware\ErrorHandlerMiddleware::__invoke() - CORE\src\Error\Middleware\ErrorHandlerMiddleware.php, line 98
Cake\Http\Runner::__invoke() - CORE\src\Http\Runner.php, line 65
DebugKit\Middleware\DebugKitMiddleware::__invoke() - ROOT\vendor\cakephp\debug_kit\src\Middleware\DebugKitMiddleware.php, line 52
Cake\Http\Runner::__invoke() - CORE\src\Http\Runner.php, line 65
Cake\Http\Runner::run() - CORE\src\Http\Runner.php, line 51
Cake\Http\Server::run() - CORE\src\Http\Server.php, line 81
[main] - ROOT\webroot\index.php, line 40



2018-03-20 12:46:16 Warning: Warning (2): include() [<a href='https://secure.php.net/function.include'>function.include</a>]: Failed opening 'C:\wamp64\www\newapp\plugins\adminlte\config\routes.php' for inclusion (include_path='.;C:\php\pear') in [C:\wamp64\www\newapp\vendor\cakephp\cakephp\src\Core\Plugin.php, line 403]
Trace:
Cake\Error\BaseErrorHandler::handleError() - CORE\src\Error\BaseErrorHandler.php, line 153
include - CORE\src\Core\Plugin.php, line 403
Cake\Core\Plugin::_includeFile() - CORE\src\Core\Plugin.php, line 403
Cake\Core\Plugin::routes() - CORE\src\Core\Plugin.php, line 352
Cake\Core\Plugin::routes() - CORE\src\Core\Plugin.php, line 340
require - ROOT\config\routes.php, line 82
Cake\Http\BaseApplication::routes() - CORE\src\Http\BaseApplication.php, line 74
Cake\Routing\Middleware\RoutingMiddleware::loadRoutes() - CORE\src\Routing\Middleware\RoutingMiddleware.php, line 61
Cake\Routing\Middleware\RoutingMiddleware::__invoke() - CORE\src\Routing\Middleware\RoutingMiddleware.php, line 78
Cake\Http\Runner::__invoke() - CORE\src\Http\Runner.php, line 65
Cake\Routing\Middleware\AssetMiddleware::__invoke() - CORE\src\Routing\Middleware\AssetMiddleware.php, line 88
Cake\Http\Runner::__invoke() - CORE\src\Http\Runner.php, line 65
Cake\Error\Middleware\ErrorHandlerMiddleware::__invoke() - CORE\src\Error\Middleware\ErrorHandlerMiddleware.php, line 98
Cake\Http\Runner::__invoke() - CORE\src\Http\Runner.php, line 65
DebugKit\Middleware\DebugKitMiddleware::__invoke() - ROOT\vendor\cakephp\debug_kit\src\Middleware\DebugKitMiddleware.php, line 52
Cake\Http\Runner::__invoke() - CORE\src\Http\Runner.php, line 65
Cake\Http\Runner::run() - CORE\src\Http\Runner.php, line 51
Cake\Http\Server::run() - CORE\src\Http\Server.php, line 81
[main] - ROOT\webroot\index.php, line 40



2018-03-20 12:46:16 Warning: Warning (512): Unable to emit headers. Headers sent in file=C:\wamp64\www\newapp\vendor\cakephp\cakephp\src\Error\Debugger.php line=850 in [C:\wamp64\www\newapp\vendor\cakephp\cakephp\src\Http\ResponseEmitter.php, line 48]
Request URL: /
Trace:
Cake\Error\BaseErrorHandler::handleError() - CORE\src\Error\BaseErrorHandler.php, line 153
Cake\Http\ResponseEmitter::emit() - CORE\src\Http\ResponseEmitter.php, line 48
Cake\Http\Server::emit() - CORE\src\Http\Server.php, line 106
[main] - ROOT\webroot\index.php, line 40



2018-03-20 12:46:16 Warning: Warning (2): Cannot modify header information - headers already sent by (output started at C:\wamp64\www\newapp\vendor\cakephp\cakephp\src\Error\Debugger.php:850) in [C:\wamp64\www\newapp\vendor\cakephp\cakephp\src\Http\ResponseEmitter.php, line 148]
Request URL: /
Trace:
Cake\Error\BaseErrorHandler::handleError() - CORE\src\Error\BaseErrorHandler.php, line 153
header - [internal], line ??
Cake\Http\ResponseEmitter::emitStatusLine() - CORE\src\Http\ResponseEmitter.php, line 148
Cake\Http\ResponseEmitter::emit() - CORE\src\Http\ResponseEmitter.php, line 54
Cake\Http\Server::emit() - CORE\src\Http\Server.php, line 106
[main] - ROOT\webroot\index.php, line 40



2018-03-20 12:46:16 Warning: Warning (2): Cannot modify header information - headers already sent by (output started at C:\wamp64\www\newapp\vendor\cakephp\cakephp\src\Error\Debugger.php:850) in [C:\wamp64\www\newapp\vendor\cakephp\cakephp\src\Http\ResponseEmitter.php, line 181]
Request URL: /
Trace:
Cake\Error\BaseErrorHandler::handleError() - CORE\src\Error\BaseErrorHandler.php, line 153
header - [internal], line ??
Cake\Http\ResponseEmitter::emitHeaders() - CORE\src\Http\ResponseEmitter.php, line 181
Cake\Http\ResponseEmitter::emit() - CORE\src\Http\ResponseEmitter.php, line 55
Cake\Http\Server::emit() - CORE\src\Http\Server.php, line 106
[main] - ROOT\webroot\index.php, line 40



2018-03-20 12:46:16 Warning: Warning (2): Cannot modify header information - headers already sent by (output started at C:\wamp64\www\newapp\vendor\cakephp\cakephp\src\Error\Debugger.php:850) in [C:\wamp64\www\newapp\vendor\cakephp\cakephp\src\Http\ResponseEmitter.php, line 181]
Request URL: /
Trace:
Cake\Error\BaseErrorHandler::handleError() - CORE\src\Error\BaseErrorHandler.php, line 153
header - [internal], line ??
Cake\Http\ResponseEmitter::emitHeaders() - CORE\src\Http\ResponseEmitter.php, line 181
Cake\Http\ResponseEmitter::emit() - CORE\src\Http\ResponseEmitter.php, line 55
Cake\Http\Server::emit() - CORE\src\Http\Server.php, line 106
[main] - ROOT\webroot\index.php, line 40



2018-03-20 12:46:16 Warning: Warning (2): Cannot modify header information - headers already sent by (output started at C:\wamp64\www\newapp\vendor\cakephp\cakephp\src\Error\Debugger.php:850) in [C:\wamp64\www\newapp\vendor\cakephp\cakephp\src\Http\ResponseEmitter.php, line 181]
Request URL: /
Trace:
Cake\Error\BaseErrorHandler::handleError() - CORE\src\Error\BaseErrorHandler.php, line 153
header - [internal], line ??
Cake\Http\ResponseEmitter::emitHeaders() - CORE\src\Http\ResponseEmitter.php, line 181
Cake\Http\ResponseEmitter::emit() - CORE\src\Http\ResponseEmitter.php, line 55
Cake\Http\Server::emit() - CORE\src\Http\Server.php, line 106
[main] - ROOT\webroot\index.php, line 40



2018-03-22 17:15:24 Error: [Cake\Routing\Exception\MissingControllerException] Controller class Css could not be found.
Exception Attributes: array (
  'class' => 'Css',
  'plugin' => false,
  'prefix' => false,
  '_ext' => false,
)
Request URL: /css/bootstrap.css
Referer URL: http://local.newapp.com:8090/users/login
Stack Trace:
#0 C:\wamp64\www\newapp\Vendor\cakephp\cakephp\src\Http\ControllerFactory.php(38): Cake\Http\ControllerFactory->missingController(Object(Cake\Http\ServerRequest))
#1 C:\wamp64\www\newapp\Vendor\cakephp\cakephp\src\Http\ActionDispatcher.php(90): Cake\Http\ControllerFactory->create(Object(Cake\Http\ServerRequest), Object(Cake\Http\Response))
#2 C:\wamp64\www\newapp\Vendor\cakephp\cakephp\src\Http\BaseApplication.php(108): Cake\Http\ActionDispatcher->dispatch(Object(Cake\Http\ServerRequest), Object(Cake\Http\Response))
#3 C:\wamp64\www\newapp\Vendor\cakephp\cakephp\src\Http\Runner.php(65): Cake\Http\BaseApplication->__invoke(Object(Cake\Http\ServerRequest), Object(Cake\Http\Response), Object(Cake\Http\Runner))
#4 C:\wamp64\www\newapp\Vendor\cakephp\cakephp\src\Routing\Middleware\RoutingMiddleware.php(104): Cake\Http\Runner->__invoke(Object(Cake\Http\ServerRequest), Object(Cake\Http\Response))
#5 C:\wamp64\www\newapp\Vendor\cakephp\cakephp\src\Http\Runner.php(65): Cake\Routing\Middleware\RoutingMiddleware->__invoke(Object(Cake\Http\ServerRequest), Object(Cake\Http\Response), Object(Cake\Http\Runner))
#6 C:\wamp64\www\newapp\Vendor\cakephp\cakephp\src\Routing\Middleware\AssetMiddleware.php(97): Cake\Http\Runner->__invoke(Object(Cake\Http\ServerRequest), Object(Cake\Http\Response))
#7 C:\wamp64\www\newapp\Vendor\cakephp\cakephp\src\Http\Runner.php(65): Cake\Routing\Middleware\AssetMiddleware->__invoke(Object(Cake\Http\ServerRequest), Object(Cake\Http\Response), Object(Cake\Http\Runner))
#8 C:\wamp64\www\newapp\Vendor\cakephp\cakephp\src\Error\Middleware\ErrorHandlerMiddleware.php(98): Cake\Http\Runner->__invoke(Object(Cake\Http\ServerRequest), Object(Cake\Http\Response))
#9 C:\wamp64\www\newapp\Vendor\cakephp\cakephp\src\Http\Runner.php(65): Cake\Error\Middleware\ErrorHandlerMiddleware->__invoke(Object(Cake\Http\ServerRequest), Object(Cake\Http\Response), Object(Cake\Http\Runner))
#10 C:\wamp64\www\newapp\Vendor\cakephp\debug_kit\src\Middleware\DebugKitMiddleware.php(52): Cake\Http\Runner->__invoke(Object(Cake\Http\ServerRequest), Object(Cake\Http\Response))
#11 C:\wamp64\www\newapp\Vendor\cakephp\cakephp\src\Http\Runner.php(65): DebugKit\Middleware\DebugKitMiddleware->__invoke(Object(Cake\Http\ServerRequest), Object(Cake\Http\Response), Object(Cake\Http\Runner))
#12 C:\wamp64\www\newapp\Vendor\cakephp\cakephp\src\Http\Runner.php(51): Cake\Http\Runner->__invoke(Object(Cake\Http\ServerRequest), Object(Cake\Http\Response))
#13 C:\wamp64\www\newapp\Vendor\cakephp\cakephp\src\Http\Server.php(81): Cake\Http\Runner->run(Object(Cake\Http\MiddlewareQueue), Object(Cake\Http\ServerRequest), Object(Cake\Http\Response))
#14 C:\wamp64\www\newapp\webroot\index.php(40): Cake\Http\Server->run()
#15 {main}


2018-03-22 17:15:24 Error: [Cake\Routing\Exception\MissingControllerException] Controller class Css could not be found.
Exception Attributes: array (
  'class' => 'Css',
  'plugin' => false,
  'prefix' => false,
  '_ext' => false,
)
Request URL: /css/custom.css
Referer URL: http://local.newapp.com:8090/users/login
Stack Trace:
#0 C:\wamp64\www\newapp\Vendor\cakephp\cakephp\src\Http\ControllerFactory.php(38): Cake\Http\ControllerFactory->missingController(Object(Cake\Http\ServerRequest))
#1 C:\wamp64\www\newapp\Vendor\cakephp\cakephp\src\Http\ActionDispatcher.php(90): Cake\Http\ControllerFactory->create(Object(Cake\Http\ServerRequest), Object(Cake\Http\Response))
#2 C:\wamp64\www\newapp\Vendor\cakephp\cakephp\src\Http\BaseApplication.php(108): Cake\Http\ActionDispatcher->dispatch(Object(Cake\Http\ServerRequest), Object(Cake\Http\Response))
#3 C:\wamp64\www\newapp\Vendor\cakephp\cakephp\src\Http\Runner.php(65): Cake\Http\BaseApplication->__invoke(Object(Cake\Http\ServerRequest), Object(Cake\Http\Response), Object(Cake\Http\Runner))
#4 C:\wamp64\www\newapp\Vendor\cakephp\cakephp\src\Routing\Middleware\RoutingMiddleware.php(104): Cake\Http\Runner->__invoke(Object(Cake\Http\ServerRequest), Object(Cake\Http\Response))
#5 C:\wamp64\www\newapp\Vendor\cakephp\cakephp\src\Http\Runner.php(65): Cake\Routing\Middleware\RoutingMiddleware->__invoke(Object(Cake\Http\ServerRequest), Object(Cake\Http\Response), Object(Cake\Http\Runner))
#6 C:\wamp64\www\newapp\Vendor\cakephp\cakephp\src\Routing\Middleware\AssetMiddleware.php(97): Cake\Http\Runner->__invoke(Object(Cake\Http\ServerRequest), Object(Cake\Http\Response))
#7 C:\wamp64\www\newapp\Vendor\cakephp\cakephp\src\Http\Runner.php(65): Cake\Routing\Middleware\AssetMiddleware->__invoke(Object(Cake\Http\ServerRequest), Object(Cake\Http\Response), Object(Cake\Http\Runner))
#8 C:\wamp64\www\newapp\Vendor\cakephp\cakephp\src\Error\Middleware\ErrorHandlerMiddleware.php(98): Cake\Http\Runner->__invoke(Object(Cake\Http\ServerRequest), Object(Cake\Http\Response))
#9 C:\wamp64\www\newapp\Vendor\cakephp\cakephp\src\Http\Runner.php(65): Cake\Error\Middleware\ErrorHandlerMiddleware->__invoke(Object(Cake\Http\ServerRequest), Object(Cake\Http\Response), Object(Cake\Http\Runner))
#10 C:\wamp64\www\newapp\Vendor\cakephp\debug_kit\src\Middleware\DebugKitMiddleware.php(52): Cake\Http\Runner->__invoke(Object(Cake\Http\ServerRequest), Object(Cake\Http\Response))
#11 C:\wamp64\www\newapp\Vendor\cakephp\cakephp\src\Http\Runner.php(65): DebugKit\Middleware\DebugKitMiddleware->__invoke(Object(Cake\Http\ServerRequest), Object(Cake\Http\Response), Object(Cake\Http\Runner))
#12 C:\wamp64\www\newapp\Vendor\cakephp\cakephp\src\Http\Runner.php(51): Cake\Http\Runner->__invoke(Object(Cake\Http\ServerRequest), Object(Cake\Http\Response))
#13 C:\wamp64\www\newapp\Vendor\cakephp\cakephp\src\Http\Server.php(81): Cake\Http\Runner->run(Object(Cake\Http\MiddlewareQueue), Object(Cake\Http\ServerRequest), Object(Cake\Http\Response))
#14 C:\wamp64\www\newapp\webroot\index.php(40): Cake\Http\Server->run()
#15 {main}


2018-03-22 17:15:30 Error: [Cake\Routing\Exception\MissingControllerException] Controller class Posts could not be found.
Exception Attributes: array (
  'class' => 'Posts',
  'plugin' => false,
  'prefix' => false,
  '_ext' => false,
)
Request URL: /posts
Referer URL: http://local.newapp.com:8090/users/login
Stack Trace:
#0 C:\wamp64\www\newapp\Vendor\cakephp\cakephp\src\Http\ControllerFactory.php(38): Cake\Http\ControllerFactory->missingController(Object(Cake\Http\ServerRequest))
#1 C:\wamp64\www\newapp\Vendor\cakephp\cakephp\src\Http\ActionDispatcher.php(90): Cake\Http\ControllerFactory->create(Object(Cake\Http\ServerRequest), Object(Cake\Http\Response))
#2 C:\wamp64\www\newapp\Vendor\cakephp\cakephp\src\Http\BaseApplication.php(108): Cake\Http\ActionDispatcher->dispatch(Object(Cake\Http\ServerRequest), Object(Cake\Http\Response))
#3 C:\wamp64\www\newapp\Vendor\cakephp\cakephp\src\Http\Runner.php(65): Cake\Http\BaseApplication->__invoke(Object(Cake\Http\ServerRequest), Object(Cake\Http\Response), Object(Cake\Http\Runner))
#4 C:\wamp64\www\newapp\Vendor\cakephp\cakephp\src\Routing\Middleware\RoutingMiddleware.php(104): Cake\Http\Runner->__invoke(Object(Cake\Http\ServerRequest), Object(Cake\Http\Response))
#5 C:\wamp64\www\newapp\Vendor\cakephp\cakephp\src\Http\Runner.php(65): Cake\Routing\Middleware\RoutingMiddleware->__invoke(Object(Cake\Http\ServerRequest), Object(Cake\Http\Response), Object(Cake\Http\Runner))
#6 C:\wamp64\www\newapp\Vendor\cakephp\cakephp\src\Routing\Middleware\AssetMiddleware.php(88): Cake\Http\Runner->__invoke(Object(Cake\Http\ServerRequest), Object(Cake\Http\Response))
#7 C:\wamp64\www\newapp\Vendor\cakephp\cakephp\src\Http\Runner.php(65): Cake\Routing\Middleware\AssetMiddleware->__invoke(Object(Cake\Http\ServerRequest), Object(Cake\Http\Response), Object(Cake\Http\Runner))
#8 C:\wamp64\www\newapp\Vendor\cakephp\cakephp\src\Error\Middleware\ErrorHandlerMiddleware.php(98): Cake\Http\Runner->__invoke(Object(Cake\Http\ServerRequest), Object(Cake\Http\Response))
#9 C:\wamp64\www\newapp\Vendor\cakephp\cakephp\src\Http\Runner.php(65): Cake\Error\Middleware\ErrorHandlerMiddleware->__invoke(Object(Cake\Http\ServerRequest), Object(Cake\Http\Response), Object(Cake\Http\Runner))
#10 C:\wamp64\www\newapp\Vendor\cakephp\debug_kit\src\Middleware\DebugKitMiddleware.php(52): Cake\Http\Runner->__invoke(Object(Cake\Http\ServerRequest), Object(Cake\Http\Response))
#11 C:\wamp64\www\newapp\Vendor\cakephp\cakephp\src\Http\Runner.php(65): DebugKit\Middleware\DebugKitMiddleware->__invoke(Object(Cake\Http\ServerRequest), Object(Cake\Http\Response), Object(Cake\Http\Runner))
#12 C:\wamp64\www\newapp\Vendor\cakephp\cakephp\src\Http\Runner.php(51): Cake\Http\Runner->__invoke(Object(Cake\Http\ServerRequest), Object(Cake\Http\Response))
#13 C:\wamp64\www\newapp\Vendor\cakephp\cakephp\src\Http\Server.php(81): Cake\Http\Runner->run(Object(Cake\Http\MiddlewareQueue), Object(Cake\Http\ServerRequest), Object(Cake\Http\Response))
#14 C:\wamp64\www\newapp\webroot\index.php(40): Cake\Http\Server->run()
#15 {main}


